
*** Running vivado
    with args -log vcnnbd_wrapper.vds -m64 -product Vivado -mode batch -messageDb vivado.pb -notrace -source vcnnbd_wrapper.tcl


****** Vivado v2017.2 (64-bit)
  **** SW Build 1909853 on Thu Jun 15 18:39:10 MDT 2017
  **** IP Build 1909766 on Thu Jun 15 19:58:00 MDT 2017
    ** Copyright 1986-2017 Xilinx, Inc. All Rights Reserved.

source vcnnbd_wrapper.tcl -notrace
INFO: [IP_Flow 19-234] Refreshing IP repositories
INFO: [IP_Flow 19-1700] Loaded user IP repository '/home/gokul/playground/ece594bb/fpgacc/vcnn/ip'.
INFO: [IP_Flow 19-2313] Loaded Vivado IP repository '/opt/Xilinx/Vivado/2017.2/data/ip'.
WARNING: [IP_Flow 19-3664] IP 'vcnnbd_processing_system7_0_0' generated file not found '/home/gokul/playground/ece594bb/fpgacc/vcnn/vcnn.srcs/sources_1/bd/vcnnbd/ip/vcnnbd_processing_system7_0_0/stats.txt'. Please regenerate to continue.
WARNING: [IP_Flow 19-3664] IP 'vcnnbd_blk_mem_gen_0_0' generated file not found '/home/gokul/playground/ece594bb/fpgacc/vcnn/vcnn.srcs/sources_1/bd/vcnnbd/ip/vcnnbd_blk_mem_gen_0_0/stats.txt'. Please regenerate to continue.
WARNING: [IP_Flow 19-3664] IP 'vcnnbd_axi_bram_ctrl_0_0' generated file not found '/home/gokul/playground/ece594bb/fpgacc/vcnn/vcnn.srcs/sources_1/bd/vcnnbd/ip/vcnnbd_axi_bram_ctrl_0_0/stats.txt'. Please regenerate to continue.
WARNING: [IP_Flow 19-3664] IP 'vcnnbd_axi_smc_0' generated file not found '/home/gokul/playground/ece594bb/fpgacc/vcnn/vcnn.srcs/sources_1/bd/vcnnbd/ip/vcnnbd_axi_smc_0/stats.txt'. Please regenerate to continue.
WARNING: [IP_Flow 19-3664] IP 'vcnnbd_rst_ps7_0_100M_0' generated file not found '/home/gokul/playground/ece594bb/fpgacc/vcnn/vcnn.srcs/sources_1/bd/vcnnbd/ip/vcnnbd_rst_ps7_0_100M_0/stats.txt'. Please regenerate to continue.
WARNING: [IP_Flow 19-3664] IP 'vcnnbd_axi_lite_slave_0_2' generated file not found '/home/gokul/playground/ece594bb/fpgacc/vcnn/vcnn.srcs/sources_1/bd/vcnnbd/ip/vcnnbd_axi_lite_slave_0_2/stats.txt'. Please regenerate to continue.
WARNING: [IP_Flow 19-3664] IP 'vcnnbd_blk_mem_gen_0_1' generated file not found '/home/gokul/playground/ece594bb/fpgacc/vcnn/vcnn.srcs/sources_1/bd/vcnnbd/ip/vcnnbd_blk_mem_gen_0_1/stats.txt'. Please regenerate to continue.
WARNING: [IP_Flow 19-3664] IP 'vcnnbd_weight_bram_0' generated file not found '/home/gokul/playground/ece594bb/fpgacc/vcnn/vcnn.srcs/sources_1/bd/vcnnbd/ip/vcnnbd_weight_bram_0/stats.txt'. Please regenerate to continue.
WARNING: [IP_Flow 19-3664] IP 'vcnnbd_blk_mem_gen_1_0' generated file not found '/home/gokul/playground/ece594bb/fpgacc/vcnn/vcnn.srcs/sources_1/bd/vcnnbd/ip/vcnnbd_blk_mem_gen_1_0/stats.txt'. Please regenerate to continue.
WARNING: [IP_Flow 19-3664] IP 'vcnnbd_output_bram_mem_0' generated file not found '/home/gokul/playground/ece594bb/fpgacc/vcnn/vcnn.srcs/sources_1/bd/vcnnbd/ip/vcnnbd_output_bram_mem_0/stats.txt'. Please regenerate to continue.
WARNING: [IP_Flow 19-3664] IP 'vcnnbd_output_bram_mem_1' generated file not found '/home/gokul/playground/ece594bb/fpgacc/vcnn/vcnn.srcs/sources_1/bd/vcnnbd/ip/vcnnbd_output_bram_mem_1/stats.txt'. Please regenerate to continue.
WARNING: [IP_Flow 19-3664] IP 'vcnnbd_axi_lite_slave_0_0' generated file not found '/home/gokul/playground/ece594bb/fpgacc/vcnn/vcnn.srcs/sources_1/bd/vcnnbd/ip/vcnnbd_axi_lite_slave_0_0/stats.txt'. Please regenerate to continue.
Command: synth_design -top vcnnbd_wrapper -part xc7z020clg400-1
Starting synth_design
Attempting to get a license for feature 'Synthesis' and/or device 'xc7z020-clg400'
INFO: [Common 17-349] Got license for feature 'Synthesis' and/or device 'xc7z020-clg400'
INFO: Launching helper process for spawning children vivado processes
INFO: Helper process launched with PID 19657 
---------------------------------------------------------------------------------
Starting RTL Elaboration : Time (s): cpu = 00:00:03 ; elapsed = 00:00:03 . Memory (MB): peak = 1228.227 ; gain = 71.000 ; free physical = 1179 ; free virtual = 3417
---------------------------------------------------------------------------------
INFO: [Synth 8-638] synthesizing module 'vcnnbd_wrapper' [/home/gokul/playground/ece594bb/fpgacc/vcnn/vcnn.srcs/sources_1/bd/vcnnbd/hdl/vcnnbd_wrapper.v:12]
INFO: [Synth 8-638] synthesizing module 'vcnnbd' [/home/gokul/playground/ece594bb/fpgacc/vcnn/vcnn.srcs/sources_1/bd/vcnnbd/hdl/vcnnbd.v:13]
INFO: [Synth 8-638] synthesizing module 'vcnnbd_axi_lite_slave_0_2' [/home/gokul/playground/ece594bb/fpgacc/vcnn/vcnn.runs/synth_1/.Xil/Vivado-19195-dots/realtime/vcnnbd_axi_lite_slave_0_2_stub.v:6]
INFO: [Synth 8-256] done synthesizing module 'vcnnbd_axi_lite_slave_0_2' (1#1) [/home/gokul/playground/ece594bb/fpgacc/vcnn/vcnn.runs/synth_1/.Xil/Vivado-19195-dots/realtime/vcnnbd_axi_lite_slave_0_2_stub.v:6]
INFO: [Synth 8-638] synthesizing module 'vcnnbd_axi_lite_slave_0_0' [/home/gokul/playground/ece594bb/fpgacc/vcnn/vcnn.runs/synth_1/.Xil/Vivado-19195-dots/realtime/vcnnbd_axi_lite_slave_0_0_stub.v:6]
INFO: [Synth 8-256] done synthesizing module 'vcnnbd_axi_lite_slave_0_0' (2#1) [/home/gokul/playground/ece594bb/fpgacc/vcnn/vcnn.runs/synth_1/.Xil/Vivado-19195-dots/realtime/vcnnbd_axi_lite_slave_0_0_stub.v:6]
INFO: [Synth 8-638] synthesizing module 'vcnnbd_axi_smc_0' [/home/gokul/playground/ece594bb/fpgacc/vcnn/vcnn.runs/synth_1/.Xil/Vivado-19195-dots/realtime/vcnnbd_axi_smc_0_stub.v:6]
INFO: [Synth 8-256] done synthesizing module 'vcnnbd_axi_smc_0' (3#1) [/home/gokul/playground/ece594bb/fpgacc/vcnn/vcnn.runs/synth_1/.Xil/Vivado-19195-dots/realtime/vcnnbd_axi_smc_0_stub.v:6]
WARNING: [Synth 8-350] instance 'axi_smc' of module 'vcnnbd_axi_smc_0' requires 144 connections, but only 136 given [/home/gokul/playground/ece594bb/fpgacc/vcnn/vcnn.srcs/sources_1/bd/vcnnbd/hdl/vcnnbd.v:306]
INFO: [Synth 8-638] synthesizing module 'vcnnbd_conv1l_top_0_0' [/home/gokul/playground/ece594bb/fpgacc/vcnn/vcnn.runs/synth_1/.Xil/Vivado-19195-dots/realtime/vcnnbd_conv1l_top_0_0_stub.v:6]
INFO: [Synth 8-256] done synthesizing module 'vcnnbd_conv1l_top_0_0' (4#1) [/home/gokul/playground/ece594bb/fpgacc/vcnn/vcnn.runs/synth_1/.Xil/Vivado-19195-dots/realtime/vcnnbd_conv1l_top_0_0_stub.v:6]
WARNING: [Synth 8-350] instance 'conv1l_top_0' of module 'vcnnbd_conv1l_top_0_0' requires 26 connections, but only 19 given [/home/gokul/playground/ece594bb/fpgacc/vcnn/vcnn.srcs/sources_1/bd/vcnnbd/hdl/vcnnbd.v:443]
INFO: [Synth 8-638] synthesizing module 'vcnnbd_conv1l_top_0_1' [/home/gokul/playground/ece594bb/fpgacc/vcnn/vcnn.runs/synth_1/.Xil/Vivado-19195-dots/realtime/vcnnbd_conv1l_top_0_1_stub.v:6]
INFO: [Synth 8-256] done synthesizing module 'vcnnbd_conv1l_top_0_1' (5#1) [/home/gokul/playground/ece594bb/fpgacc/vcnn/vcnn.runs/synth_1/.Xil/Vivado-19195-dots/realtime/vcnnbd_conv1l_top_0_1_stub.v:6]
WARNING: [Synth 8-350] instance 'conv1l_top_1' of module 'vcnnbd_conv1l_top_0_1' requires 26 connections, but only 18 given [/home/gokul/playground/ece594bb/fpgacc/vcnn/vcnn.srcs/sources_1/bd/vcnnbd/hdl/vcnnbd.v:463]
INFO: [Synth 8-638] synthesizing module 'vcnnbd_axi_bram_ctrl_0_0' [/home/gokul/playground/ece594bb/fpgacc/vcnn/vcnn.runs/synth_1/.Xil/Vivado-19195-dots/realtime/vcnnbd_axi_bram_ctrl_0_0_stub.v:6]
INFO: [Synth 8-256] done synthesizing module 'vcnnbd_axi_bram_ctrl_0_0' (6#1) [/home/gokul/playground/ece594bb/fpgacc/vcnn/vcnn.runs/synth_1/.Xil/Vivado-19195-dots/realtime/vcnnbd_axi_bram_ctrl_0_0_stub.v:6]
WARNING: [Synth 8-350] instance 'input_bram' of module 'vcnnbd_axi_bram_ctrl_0_0' requires 40 connections, but only 38 given [/home/gokul/playground/ece594bb/fpgacc/vcnn/vcnn.srcs/sources_1/bd/vcnnbd/hdl/vcnnbd.v:484]
INFO: [Synth 8-638] synthesizing module 'vcnnbd_blk_mem_gen_0_0' [/home/gokul/playground/ece594bb/fpgacc/vcnn/vcnn.runs/synth_1/.Xil/Vivado-19195-dots/realtime/vcnnbd_blk_mem_gen_0_0_stub.v:6]
INFO: [Synth 8-256] done synthesizing module 'vcnnbd_blk_mem_gen_0_0' (7#1) [/home/gokul/playground/ece594bb/fpgacc/vcnn/vcnn.runs/synth_1/.Xil/Vivado-19195-dots/realtime/vcnnbd_blk_mem_gen_0_0_stub.v:6]
INFO: [Synth 8-638] synthesizing module 'vcnnbd_blk_mem_gen_1_0' [/home/gokul/playground/ece594bb/fpgacc/vcnn/vcnn.runs/synth_1/.Xil/Vivado-19195-dots/realtime/vcnnbd_blk_mem_gen_1_0_stub.v:6]
INFO: [Synth 8-256] done synthesizing module 'vcnnbd_blk_mem_gen_1_0' (8#1) [/home/gokul/playground/ece594bb/fpgacc/vcnn/vcnn.runs/synth_1/.Xil/Vivado-19195-dots/realtime/vcnnbd_blk_mem_gen_1_0_stub.v:6]
INFO: [Synth 8-638] synthesizing module 'vcnnbd_weight_bram_0' [/home/gokul/playground/ece594bb/fpgacc/vcnn/vcnn.runs/synth_1/.Xil/Vivado-19195-dots/realtime/vcnnbd_weight_bram_0_stub.v:6]
INFO: [Synth 8-256] done synthesizing module 'vcnnbd_weight_bram_0' (9#1) [/home/gokul/playground/ece594bb/fpgacc/vcnn/vcnn.runs/synth_1/.Xil/Vivado-19195-dots/realtime/vcnnbd_weight_bram_0_stub.v:6]
WARNING: [Synth 8-350] instance 'output_bram' of module 'vcnnbd_weight_bram_0' requires 40 connections, but only 39 given [/home/gokul/playground/ece594bb/fpgacc/vcnn/vcnn.srcs/sources_1/bd/vcnnbd/hdl/vcnnbd.v:548]
INFO: [Synth 8-638] synthesizing module 'vcnnbd_output_bram_mem_1' [/home/gokul/playground/ece594bb/fpgacc/vcnn/vcnn.runs/synth_1/.Xil/Vivado-19195-dots/realtime/vcnnbd_output_bram_mem_1_stub.v:6]
INFO: [Synth 8-256] done synthesizing module 'vcnnbd_output_bram_mem_1' (10#1) [/home/gokul/playground/ece594bb/fpgacc/vcnn/vcnn.runs/synth_1/.Xil/Vivado-19195-dots/realtime/vcnnbd_output_bram_mem_1_stub.v:6]
INFO: [Synth 8-638] synthesizing module 'vcnnbd_processing_system7_0_0' [/home/gokul/playground/ece594bb/fpgacc/vcnn/vcnn.runs/synth_1/.Xil/Vivado-19195-dots/realtime/vcnnbd_processing_system7_0_0_stub.v:6]
INFO: [Synth 8-256] done synthesizing module 'vcnnbd_processing_system7_0_0' (11#1) [/home/gokul/playground/ece594bb/fpgacc/vcnn/vcnn.runs/synth_1/.Xil/Vivado-19195-dots/realtime/vcnnbd_processing_system7_0_0_stub.v:6]
INFO: [Synth 8-638] synthesizing module 'vcnnbd_rst_ps7_0_100M_0' [/home/gokul/playground/ece594bb/fpgacc/vcnn/vcnn.runs/synth_1/.Xil/Vivado-19195-dots/realtime/vcnnbd_rst_ps7_0_100M_0_stub.v:6]
INFO: [Synth 8-256] done synthesizing module 'vcnnbd_rst_ps7_0_100M_0' (12#1) [/home/gokul/playground/ece594bb/fpgacc/vcnn/vcnn.runs/synth_1/.Xil/Vivado-19195-dots/realtime/vcnnbd_rst_ps7_0_100M_0_stub.v:6]
WARNING: [Synth 8-350] instance 'rst_ps7_0_100M' of module 'vcnnbd_rst_ps7_0_100M_0' requires 10 connections, but only 6 given [/home/gokul/playground/ece594bb/fpgacc/vcnn/vcnn.srcs/sources_1/bd/vcnnbd/hdl/vcnnbd.v:665]
INFO: [Synth 8-638] synthesizing module 'vcnnbd_output_bram_mem_0' [/home/gokul/playground/ece594bb/fpgacc/vcnn/vcnn.runs/synth_1/.Xil/Vivado-19195-dots/realtime/vcnnbd_output_bram_mem_0_stub.v:6]
INFO: [Synth 8-256] done synthesizing module 'vcnnbd_output_bram_mem_0' (13#1) [/home/gokul/playground/ece594bb/fpgacc/vcnn/vcnn.runs/synth_1/.Xil/Vivado-19195-dots/realtime/vcnnbd_output_bram_mem_0_stub.v:6]
INFO: [Synth 8-638] synthesizing module 'vcnnbd_blk_mem_gen_0_1' [/home/gokul/playground/ece594bb/fpgacc/vcnn/vcnn.runs/synth_1/.Xil/Vivado-19195-dots/realtime/vcnnbd_blk_mem_gen_0_1_stub.v:6]
INFO: [Synth 8-256] done synthesizing module 'vcnnbd_blk_mem_gen_0_1' (14#1) [/home/gokul/playground/ece594bb/fpgacc/vcnn/vcnn.runs/synth_1/.Xil/Vivado-19195-dots/realtime/vcnnbd_blk_mem_gen_0_1_stub.v:6]
INFO: [Synth 8-256] done synthesizing module 'vcnnbd' (15#1) [/home/gokul/playground/ece594bb/fpgacc/vcnn/vcnn.srcs/sources_1/bd/vcnnbd/hdl/vcnnbd.v:13]
INFO: [Synth 8-256] done synthesizing module 'vcnnbd_wrapper' (16#1) [/home/gokul/playground/ece594bb/fpgacc/vcnn/vcnn.srcs/sources_1/bd/vcnnbd/hdl/vcnnbd_wrapper.v:12]
---------------------------------------------------------------------------------
Finished RTL Elaboration : Time (s): cpu = 00:00:04 ; elapsed = 00:00:04 . Memory (MB): peak = 1268.727 ; gain = 111.500 ; free physical = 1188 ; free virtual = 3426
---------------------------------------------------------------------------------

Report Check Netlist: 
+------+------------------+-------+---------+-------+------------------+
|      |Item              |Errors |Warnings |Status |Description       |
+------+------------------+-------+---------+-------+------------------+
|1     |multi_driven_nets |      0|        0|Passed |Multi driven nets |
+------+------------------+-------+---------+-------+------------------+
---------------------------------------------------------------------------------
Finished RTL Optimization Phase 1 : Time (s): cpu = 00:00:04 ; elapsed = 00:00:04 . Memory (MB): peak = 1268.727 ; gain = 111.500 ; free physical = 1179 ; free virtual = 3417
---------------------------------------------------------------------------------
INFO: [Device 21-403] Loading part xc7z020clg400-1
INFO: [Project 1-570] Preparing netlist for logic optimization

Processing XDC Constraints
Initializing timing engine
Parsing XDC File [/home/gokul/playground/ece594bb/fpgacc/vcnn/vcnn.runs/synth_1/.Xil/Vivado-19195-dots/dcp29/vcnnbd_processing_system7_0_0_in_context.xdc] for cell 'vcnnbd_i/processing_system7_0'
Finished Parsing XDC File [/home/gokul/playground/ece594bb/fpgacc/vcnn/vcnn.runs/synth_1/.Xil/Vivado-19195-dots/dcp29/vcnnbd_processing_system7_0_0_in_context.xdc] for cell 'vcnnbd_i/processing_system7_0'
Parsing XDC File [/home/gokul/playground/ece594bb/fpgacc/vcnn/vcnn.runs/synth_1/.Xil/Vivado-19195-dots/dcp31/vcnnbd_blk_mem_gen_0_0_in_context.xdc] for cell 'vcnnbd_i/input_bram_mem'
Finished Parsing XDC File [/home/gokul/playground/ece594bb/fpgacc/vcnn/vcnn.runs/synth_1/.Xil/Vivado-19195-dots/dcp31/vcnnbd_blk_mem_gen_0_0_in_context.xdc] for cell 'vcnnbd_i/input_bram_mem'
Parsing XDC File [/home/gokul/playground/ece594bb/fpgacc/vcnn/vcnn.runs/synth_1/.Xil/Vivado-19195-dots/dcp33/vcnnbd_axi_bram_ctrl_0_0_in_context.xdc] for cell 'vcnnbd_i/input_bram'
Finished Parsing XDC File [/home/gokul/playground/ece594bb/fpgacc/vcnn/vcnn.runs/synth_1/.Xil/Vivado-19195-dots/dcp33/vcnnbd_axi_bram_ctrl_0_0_in_context.xdc] for cell 'vcnnbd_i/input_bram'
Parsing XDC File [/home/gokul/playground/ece594bb/fpgacc/vcnn/vcnn.runs/synth_1/.Xil/Vivado-19195-dots/dcp35/vcnnbd_axi_smc_0_in_context.xdc] for cell 'vcnnbd_i/axi_smc'
Finished Parsing XDC File [/home/gokul/playground/ece594bb/fpgacc/vcnn/vcnn.runs/synth_1/.Xil/Vivado-19195-dots/dcp35/vcnnbd_axi_smc_0_in_context.xdc] for cell 'vcnnbd_i/axi_smc'
Parsing XDC File [/home/gokul/playground/ece594bb/fpgacc/vcnn/vcnn.runs/synth_1/.Xil/Vivado-19195-dots/dcp37/vcnnbd_rst_ps7_0_100M_0_in_context.xdc] for cell 'vcnnbd_i/rst_ps7_0_100M'
Finished Parsing XDC File [/home/gokul/playground/ece594bb/fpgacc/vcnn/vcnn.runs/synth_1/.Xil/Vivado-19195-dots/dcp37/vcnnbd_rst_ps7_0_100M_0_in_context.xdc] for cell 'vcnnbd_i/rst_ps7_0_100M'
Parsing XDC File [/home/gokul/playground/ece594bb/fpgacc/vcnn/vcnn.runs/synth_1/.Xil/Vivado-19195-dots/dcp39/vcnnbd_axi_lite_slave_0_2_in_context.xdc] for cell 'vcnnbd_i/axi_lite_slave_0'
Finished Parsing XDC File [/home/gokul/playground/ece594bb/fpgacc/vcnn/vcnn.runs/synth_1/.Xil/Vivado-19195-dots/dcp39/vcnnbd_axi_lite_slave_0_2_in_context.xdc] for cell 'vcnnbd_i/axi_lite_slave_0'
Parsing XDC File [/home/gokul/playground/ece594bb/fpgacc/vcnn/vcnn.runs/synth_1/.Xil/Vivado-19195-dots/dcp41/vcnnbd_conv1l_top_0_0_in_context.xdc] for cell 'vcnnbd_i/conv1l_top_0'
Finished Parsing XDC File [/home/gokul/playground/ece594bb/fpgacc/vcnn/vcnn.runs/synth_1/.Xil/Vivado-19195-dots/dcp41/vcnnbd_conv1l_top_0_0_in_context.xdc] for cell 'vcnnbd_i/conv1l_top_0'
Parsing XDC File [/home/gokul/playground/ece594bb/fpgacc/vcnn/vcnn.runs/synth_1/.Xil/Vivado-19195-dots/dcp43/vcnnbd_blk_mem_gen_0_1_in_context.xdc] for cell 'vcnnbd_i/weight_bram_mem'
Finished Parsing XDC File [/home/gokul/playground/ece594bb/fpgacc/vcnn/vcnn.runs/synth_1/.Xil/Vivado-19195-dots/dcp43/vcnnbd_blk_mem_gen_0_1_in_context.xdc] for cell 'vcnnbd_i/weight_bram_mem'
Parsing XDC File [/home/gokul/playground/ece594bb/fpgacc/vcnn/vcnn.runs/synth_1/.Xil/Vivado-19195-dots/dcp45/vcnnbd_weight_bram_0_in_context.xdc] for cell 'vcnnbd_i/output_bram'
Finished Parsing XDC File [/home/gokul/playground/ece594bb/fpgacc/vcnn/vcnn.runs/synth_1/.Xil/Vivado-19195-dots/dcp45/vcnnbd_weight_bram_0_in_context.xdc] for cell 'vcnnbd_i/output_bram'
Parsing XDC File [/home/gokul/playground/ece594bb/fpgacc/vcnn/vcnn.runs/synth_1/.Xil/Vivado-19195-dots/dcp47/vcnnbd_blk_mem_gen_1_0_in_context.xdc] for cell 'vcnnbd_i/intermediate_bram_mem'
Finished Parsing XDC File [/home/gokul/playground/ece594bb/fpgacc/vcnn/vcnn.runs/synth_1/.Xil/Vivado-19195-dots/dcp47/vcnnbd_blk_mem_gen_1_0_in_context.xdc] for cell 'vcnnbd_i/intermediate_bram_mem'
Parsing XDC File [/home/gokul/playground/ece594bb/fpgacc/vcnn/vcnn.runs/synth_1/.Xil/Vivado-19195-dots/dcp49/vcnnbd_output_bram_mem_0_in_context.xdc] for cell 'vcnnbd_i/weight2_bram_mem'
Finished Parsing XDC File [/home/gokul/playground/ece594bb/fpgacc/vcnn/vcnn.runs/synth_1/.Xil/Vivado-19195-dots/dcp49/vcnnbd_output_bram_mem_0_in_context.xdc] for cell 'vcnnbd_i/weight2_bram_mem'
Parsing XDC File [/home/gokul/playground/ece594bb/fpgacc/vcnn/vcnn.runs/synth_1/.Xil/Vivado-19195-dots/dcp51/vcnnbd_conv1l_top_0_1_in_context.xdc] for cell 'vcnnbd_i/conv1l_top_1'
Finished Parsing XDC File [/home/gokul/playground/ece594bb/fpgacc/vcnn/vcnn.runs/synth_1/.Xil/Vivado-19195-dots/dcp51/vcnnbd_conv1l_top_0_1_in_context.xdc] for cell 'vcnnbd_i/conv1l_top_1'
Parsing XDC File [/home/gokul/playground/ece594bb/fpgacc/vcnn/vcnn.runs/synth_1/.Xil/Vivado-19195-dots/dcp53/vcnnbd_output_bram_mem_1_in_context.xdc] for cell 'vcnnbd_i/output_bram_mem1'
Finished Parsing XDC File [/home/gokul/playground/ece594bb/fpgacc/vcnn/vcnn.runs/synth_1/.Xil/Vivado-19195-dots/dcp53/vcnnbd_output_bram_mem_1_in_context.xdc] for cell 'vcnnbd_i/output_bram_mem1'
Parsing XDC File [/home/gokul/playground/ece594bb/fpgacc/vcnn/vcnn.runs/synth_1/.Xil/Vivado-19195-dots/dcp55/vcnnbd_axi_lite_slave_0_2_in_context.xdc] for cell 'vcnnbd_i/axi_lite_slave_1'
Finished Parsing XDC File [/home/gokul/playground/ece594bb/fpgacc/vcnn/vcnn.runs/synth_1/.Xil/Vivado-19195-dots/dcp55/vcnnbd_axi_lite_slave_0_2_in_context.xdc] for cell 'vcnnbd_i/axi_lite_slave_1'
Parsing XDC File [/home/gokul/playground/ece594bb/fpgacc/vcnn/vcnn.srcs/constrs_1/new/vcnnbd_wrapper.xdc]
Finished Parsing XDC File [/home/gokul/playground/ece594bb/fpgacc/vcnn/vcnn.srcs/constrs_1/new/vcnnbd_wrapper.xdc]
INFO: [Project 1-236] Implementation specific constraints were found while reading constraint file [/home/gokul/playground/ece594bb/fpgacc/vcnn/vcnn.srcs/constrs_1/new/vcnnbd_wrapper.xdc]. These constraints will be ignored for synthesis but will be used in implementation. Impacted constraints are listed in the file [.Xil/vcnnbd_wrapper_propImpl.xdc].
Resolution: To avoid this warning, move constraints listed in [.Xil/vcnnbd_wrapper_propImpl.xdc] to another XDC file and exclude this new file from synthesis with the used_in_synthesis property (File Properties dialog in GUI) and re-run elaboration/synthesis.
Parsing XDC File [/home/gokul/playground/ece594bb/fpgacc/vcnn/vcnn.runs/synth_1/dont_touch.xdc]
Finished Parsing XDC File [/home/gokul/playground/ece594bb/fpgacc/vcnn/vcnn.runs/synth_1/dont_touch.xdc]
Completed Processing XDC Constraints

INFO: [Project 1-111] Unisim Transformation Summary:
No Unisim elements were transformed.

Constraint Validation Runtime : Time (s): cpu = 00:00:00 ; elapsed = 00:00:00.01 . Memory (MB): peak = 1624.594 ; gain = 0.000 ; free physical = 906 ; free virtual = 3161
WARNING: [Timing 38-316] Clock period '20.000' specified during out-of-context synthesis of instance 'vcnnbd_i/input_bram_mem' at clock pin 'clka' is different from the actual clock period '10.000', this can lead to different synthesis results.
WARNING: [Timing 38-316] Clock period '20.000' specified during out-of-context synthesis of instance 'vcnnbd_i/intermediate_bram_mem' at clock pin 'clka' is different from the actual clock period '10.000', this can lead to different synthesis results.
WARNING: [Timing 38-316] Clock period '20.000' specified during out-of-context synthesis of instance 'vcnnbd_i/output_bram_mem1' at clock pin 'clka' is different from the actual clock period '10.000', this can lead to different synthesis results.
WARNING: [Timing 38-316] Clock period '20.000' specified during out-of-context synthesis of instance 'vcnnbd_i/weight2_bram_mem' at clock pin 'clka' is different from the actual clock period '10.000', this can lead to different synthesis results.
WARNING: [Timing 38-316] Clock period '20.000' specified during out-of-context synthesis of instance 'vcnnbd_i/weight_bram_mem' at clock pin 'clka' is different from the actual clock period '10.000', this can lead to different synthesis results.
---------------------------------------------------------------------------------
Finished Constraint Validation : Time (s): cpu = 00:00:12 ; elapsed = 00:00:13 . Memory (MB): peak = 1625.594 ; gain = 468.367 ; free physical = 998 ; free virtual = 3253
---------------------------------------------------------------------------------
---------------------------------------------------------------------------------
Start Loading Part and Timing Information
---------------------------------------------------------------------------------
Loading part: xc7z020clg400-1
---------------------------------------------------------------------------------
Finished Loading Part and Timing Information : Time (s): cpu = 00:00:12 ; elapsed = 00:00:13 . Memory (MB): peak = 1625.594 ; gain = 468.367 ; free physical = 989 ; free virtual = 3243
---------------------------------------------------------------------------------
---------------------------------------------------------------------------------
Start Applying 'set_property' XDC Constraints
---------------------------------------------------------------------------------
Applied set_property IO_BUFFER_TYPE = NONE for DDR_addr[0]. (constraint file  /home/gokul/playground/ece594bb/fpgacc/vcnn/vcnn.runs/synth_1/.Xil/Vivado-19195-dots/dcp29/vcnnbd_processing_system7_0_0_in_context.xdc, line 2).
Applied set_property CLOCK_BUFFER_TYPE = NONE for DDR_addr[0]. (constraint file  /home/gokul/playground/ece594bb/fpgacc/vcnn/vcnn.runs/synth_1/.Xil/Vivado-19195-dots/dcp29/vcnnbd_processing_system7_0_0_in_context.xdc, line 3).
Applied set_property IO_BUFFER_TYPE = NONE for DDR_addr[10]. (constraint file  /home/gokul/playground/ece594bb/fpgacc/vcnn/vcnn.runs/synth_1/.Xil/Vivado-19195-dots/dcp29/vcnnbd_processing_system7_0_0_in_context.xdc, line 4).
Applied set_property CLOCK_BUFFER_TYPE = NONE for DDR_addr[10]. (constraint file  /home/gokul/playground/ece594bb/fpgacc/vcnn/vcnn.runs/synth_1/.Xil/Vivado-19195-dots/dcp29/vcnnbd_processing_system7_0_0_in_context.xdc, line 5).
Applied set_property IO_BUFFER_TYPE = NONE for DDR_addr[11]. (constraint file  /home/gokul/playground/ece594bb/fpgacc/vcnn/vcnn.runs/synth_1/.Xil/Vivado-19195-dots/dcp29/vcnnbd_processing_system7_0_0_in_context.xdc, line 6).
Applied set_property CLOCK_BUFFER_TYPE = NONE for DDR_addr[11]. (constraint file  /home/gokul/playground/ece594bb/fpgacc/vcnn/vcnn.runs/synth_1/.Xil/Vivado-19195-dots/dcp29/vcnnbd_processing_system7_0_0_in_context.xdc, line 7).
Applied set_property IO_BUFFER_TYPE = NONE for DDR_addr[12]. (constraint file  /home/gokul/playground/ece594bb/fpgacc/vcnn/vcnn.runs/synth_1/.Xil/Vivado-19195-dots/dcp29/vcnnbd_processing_system7_0_0_in_context.xdc, line 8).
Applied set_property CLOCK_BUFFER_TYPE = NONE for DDR_addr[12]. (constraint file  /home/gokul/playground/ece594bb/fpgacc/vcnn/vcnn.runs/synth_1/.Xil/Vivado-19195-dots/dcp29/vcnnbd_processing_system7_0_0_in_context.xdc, line 9).
Applied set_property IO_BUFFER_TYPE = NONE for DDR_addr[13]. (constraint file  /home/gokul/playground/ece594bb/fpgacc/vcnn/vcnn.runs/synth_1/.Xil/Vivado-19195-dots/dcp29/vcnnbd_processing_system7_0_0_in_context.xdc, line 10).
Applied set_property CLOCK_BUFFER_TYPE = NONE for DDR_addr[13]. (constraint file  /home/gokul/playground/ece594bb/fpgacc/vcnn/vcnn.runs/synth_1/.Xil/Vivado-19195-dots/dcp29/vcnnbd_processing_system7_0_0_in_context.xdc, line 11).
Applied set_property IO_BUFFER_TYPE = NONE for DDR_addr[14]. (constraint file  /home/gokul/playground/ece594bb/fpgacc/vcnn/vcnn.runs/synth_1/.Xil/Vivado-19195-dots/dcp29/vcnnbd_processing_system7_0_0_in_context.xdc, line 12).
Applied set_property CLOCK_BUFFER_TYPE = NONE for DDR_addr[14]. (constraint file  /home/gokul/playground/ece594bb/fpgacc/vcnn/vcnn.runs/synth_1/.Xil/Vivado-19195-dots/dcp29/vcnnbd_processing_system7_0_0_in_context.xdc, line 13).
Applied set_property IO_BUFFER_TYPE = NONE for DDR_addr[1]. (constraint file  /home/gokul/playground/ece594bb/fpgacc/vcnn/vcnn.runs/synth_1/.Xil/Vivado-19195-dots/dcp29/vcnnbd_processing_system7_0_0_in_context.xdc, line 14).
Applied set_property CLOCK_BUFFER_TYPE = NONE for DDR_addr[1]. (constraint file  /home/gokul/playground/ece594bb/fpgacc/vcnn/vcnn.runs/synth_1/.Xil/Vivado-19195-dots/dcp29/vcnnbd_processing_system7_0_0_in_context.xdc, line 15).
Applied set_property IO_BUFFER_TYPE = NONE for DDR_addr[2]. (constraint file  /home/gokul/playground/ece594bb/fpgacc/vcnn/vcnn.runs/synth_1/.Xil/Vivado-19195-dots/dcp29/vcnnbd_processing_system7_0_0_in_context.xdc, line 16).
Applied set_property CLOCK_BUFFER_TYPE = NONE for DDR_addr[2]. (constraint file  /home/gokul/playground/ece594bb/fpgacc/vcnn/vcnn.runs/synth_1/.Xil/Vivado-19195-dots/dcp29/vcnnbd_processing_system7_0_0_in_context.xdc, line 17).
Applied set_property IO_BUFFER_TYPE = NONE for DDR_addr[3]. (constraint file  /home/gokul/playground/ece594bb/fpgacc/vcnn/vcnn.runs/synth_1/.Xil/Vivado-19195-dots/dcp29/vcnnbd_processing_system7_0_0_in_context.xdc, line 18).
Applied set_property CLOCK_BUFFER_TYPE = NONE for DDR_addr[3]. (constraint file  /home/gokul/playground/ece594bb/fpgacc/vcnn/vcnn.runs/synth_1/.Xil/Vivado-19195-dots/dcp29/vcnnbd_processing_system7_0_0_in_context.xdc, line 19).
Applied set_property IO_BUFFER_TYPE = NONE for DDR_addr[4]. (constraint file  /home/gokul/playground/ece594bb/fpgacc/vcnn/vcnn.runs/synth_1/.Xil/Vivado-19195-dots/dcp29/vcnnbd_processing_system7_0_0_in_context.xdc, line 20).
Applied set_property CLOCK_BUFFER_TYPE = NONE for DDR_addr[4]. (constraint file  /home/gokul/playground/ece594bb/fpgacc/vcnn/vcnn.runs/synth_1/.Xil/Vivado-19195-dots/dcp29/vcnnbd_processing_system7_0_0_in_context.xdc, line 21).
Applied set_property IO_BUFFER_TYPE = NONE for DDR_addr[5]. (constraint file  /home/gokul/playground/ece594bb/fpgacc/vcnn/vcnn.runs/synth_1/.Xil/Vivado-19195-dots/dcp29/vcnnbd_processing_system7_0_0_in_context.xdc, line 22).
Applied set_property CLOCK_BUFFER_TYPE = NONE for DDR_addr[5]. (constraint file  /home/gokul/playground/ece594bb/fpgacc/vcnn/vcnn.runs/synth_1/.Xil/Vivado-19195-dots/dcp29/vcnnbd_processing_system7_0_0_in_context.xdc, line 23).
Applied set_property IO_BUFFER_TYPE = NONE for DDR_addr[6]. (constraint file  /home/gokul/playground/ece594bb/fpgacc/vcnn/vcnn.runs/synth_1/.Xil/Vivado-19195-dots/dcp29/vcnnbd_processing_system7_0_0_in_context.xdc, line 24).
Applied set_property CLOCK_BUFFER_TYPE = NONE for DDR_addr[6]. (constraint file  /home/gokul/playground/ece594bb/fpgacc/vcnn/vcnn.runs/synth_1/.Xil/Vivado-19195-dots/dcp29/vcnnbd_processing_system7_0_0_in_context.xdc, line 25).
Applied set_property IO_BUFFER_TYPE = NONE for DDR_addr[7]. (constraint file  /home/gokul/playground/ece594bb/fpgacc/vcnn/vcnn.runs/synth_1/.Xil/Vivado-19195-dots/dcp29/vcnnbd_processing_system7_0_0_in_context.xdc, line 26).
Applied set_property CLOCK_BUFFER_TYPE = NONE for DDR_addr[7]. (constraint file  /home/gokul/playground/ece594bb/fpgacc/vcnn/vcnn.runs/synth_1/.Xil/Vivado-19195-dots/dcp29/vcnnbd_processing_system7_0_0_in_context.xdc, line 27).
Applied set_property IO_BUFFER_TYPE = NONE for DDR_addr[8]. (constraint file  /home/gokul/playground/ece594bb/fpgacc/vcnn/vcnn.runs/synth_1/.Xil/Vivado-19195-dots/dcp29/vcnnbd_processing_system7_0_0_in_context.xdc, line 28).
Applied set_property CLOCK_BUFFER_TYPE = NONE for DDR_addr[8]. (constraint file  /home/gokul/playground/ece594bb/fpgacc/vcnn/vcnn.runs/synth_1/.Xil/Vivado-19195-dots/dcp29/vcnnbd_processing_system7_0_0_in_context.xdc, line 29).
Applied set_property IO_BUFFER_TYPE = NONE for DDR_addr[9]. (constraint file  /home/gokul/playground/ece594bb/fpgacc/vcnn/vcnn.runs/synth_1/.Xil/Vivado-19195-dots/dcp29/vcnnbd_processing_system7_0_0_in_context.xdc, line 30).
Applied set_property CLOCK_BUFFER_TYPE = NONE for DDR_addr[9]. (constraint file  /home/gokul/playground/ece594bb/fpgacc/vcnn/vcnn.runs/synth_1/.Xil/Vivado-19195-dots/dcp29/vcnnbd_processing_system7_0_0_in_context.xdc, line 31).
Applied set_property IO_BUFFER_TYPE = NONE for DDR_ba[0]. (constraint file  /home/gokul/playground/ece594bb/fpgacc/vcnn/vcnn.runs/synth_1/.Xil/Vivado-19195-dots/dcp29/vcnnbd_processing_system7_0_0_in_context.xdc, line 32).
Applied set_property CLOCK_BUFFER_TYPE = NONE for DDR_ba[0]. (constraint file  /home/gokul/playground/ece594bb/fpgacc/vcnn/vcnn.runs/synth_1/.Xil/Vivado-19195-dots/dcp29/vcnnbd_processing_system7_0_0_in_context.xdc, line 33).
Applied set_property IO_BUFFER_TYPE = NONE for DDR_ba[1]. (constraint file  /home/gokul/playground/ece594bb/fpgacc/vcnn/vcnn.runs/synth_1/.Xil/Vivado-19195-dots/dcp29/vcnnbd_processing_system7_0_0_in_context.xdc, line 34).
Applied set_property CLOCK_BUFFER_TYPE = NONE for DDR_ba[1]. (constraint file  /home/gokul/playground/ece594bb/fpgacc/vcnn/vcnn.runs/synth_1/.Xil/Vivado-19195-dots/dcp29/vcnnbd_processing_system7_0_0_in_context.xdc, line 35).
Applied set_property IO_BUFFER_TYPE = NONE for DDR_ba[2]. (constraint file  /home/gokul/playground/ece594bb/fpgacc/vcnn/vcnn.runs/synth_1/.Xil/Vivado-19195-dots/dcp29/vcnnbd_processing_system7_0_0_in_context.xdc, line 36).
Applied set_property CLOCK_BUFFER_TYPE = NONE for DDR_ba[2]. (constraint file  /home/gokul/playground/ece594bb/fpgacc/vcnn/vcnn.runs/synth_1/.Xil/Vivado-19195-dots/dcp29/vcnnbd_processing_system7_0_0_in_context.xdc, line 37).
Applied set_property IO_BUFFER_TYPE = NONE for DDR_cas_n. (constraint file  /home/gokul/playground/ece594bb/fpgacc/vcnn/vcnn.runs/synth_1/.Xil/Vivado-19195-dots/dcp29/vcnnbd_processing_system7_0_0_in_context.xdc, line 38).
Applied set_property CLOCK_BUFFER_TYPE = NONE for DDR_cas_n. (constraint file  /home/gokul/playground/ece594bb/fpgacc/vcnn/vcnn.runs/synth_1/.Xil/Vivado-19195-dots/dcp29/vcnnbd_processing_system7_0_0_in_context.xdc, line 39).
Applied set_property IO_BUFFER_TYPE = NONE for DDR_cke. (constraint file  /home/gokul/playground/ece594bb/fpgacc/vcnn/vcnn.runs/synth_1/.Xil/Vivado-19195-dots/dcp29/vcnnbd_processing_system7_0_0_in_context.xdc, line 40).
Applied set_property CLOCK_BUFFER_TYPE = NONE for DDR_cke. (constraint file  /home/gokul/playground/ece594bb/fpgacc/vcnn/vcnn.runs/synth_1/.Xil/Vivado-19195-dots/dcp29/vcnnbd_processing_system7_0_0_in_context.xdc, line 41).
Applied set_property IO_BUFFER_TYPE = NONE for DDR_cs_n. (constraint file  /home/gokul/playground/ece594bb/fpgacc/vcnn/vcnn.runs/synth_1/.Xil/Vivado-19195-dots/dcp29/vcnnbd_processing_system7_0_0_in_context.xdc, line 42).
Applied set_property CLOCK_BUFFER_TYPE = NONE for DDR_cs_n. (constraint file  /home/gokul/playground/ece594bb/fpgacc/vcnn/vcnn.runs/synth_1/.Xil/Vivado-19195-dots/dcp29/vcnnbd_processing_system7_0_0_in_context.xdc, line 43).
Applied set_property IO_BUFFER_TYPE = NONE for DDR_ck_p. (constraint file  /home/gokul/playground/ece594bb/fpgacc/vcnn/vcnn.runs/synth_1/.Xil/Vivado-19195-dots/dcp29/vcnnbd_processing_system7_0_0_in_context.xdc, line 44).
Applied set_property CLOCK_BUFFER_TYPE = NONE for DDR_ck_p. (constraint file  /home/gokul/playground/ece594bb/fpgacc/vcnn/vcnn.runs/synth_1/.Xil/Vivado-19195-dots/dcp29/vcnnbd_processing_system7_0_0_in_context.xdc, line 45).
Applied set_property IO_BUFFER_TYPE = NONE for DDR_ck_n. (constraint file  /home/gokul/playground/ece594bb/fpgacc/vcnn/vcnn.runs/synth_1/.Xil/Vivado-19195-dots/dcp29/vcnnbd_processing_system7_0_0_in_context.xdc, line 46).
Applied set_property CLOCK_BUFFER_TYPE = NONE for DDR_ck_n. (constraint file  /home/gokul/playground/ece594bb/fpgacc/vcnn/vcnn.runs/synth_1/.Xil/Vivado-19195-dots/dcp29/vcnnbd_processing_system7_0_0_in_context.xdc, line 47).
Applied set_property IO_BUFFER_TYPE = NONE for DDR_dm[0]. (constraint file  /home/gokul/playground/ece594bb/fpgacc/vcnn/vcnn.runs/synth_1/.Xil/Vivado-19195-dots/dcp29/vcnnbd_processing_system7_0_0_in_context.xdc, line 48).
Applied set_property CLOCK_BUFFER_TYPE = NONE for DDR_dm[0]. (constraint file  /home/gokul/playground/ece594bb/fpgacc/vcnn/vcnn.runs/synth_1/.Xil/Vivado-19195-dots/dcp29/vcnnbd_processing_system7_0_0_in_context.xdc, line 49).
Applied set_property IO_BUFFER_TYPE = NONE for DDR_dm[1]. (constraint file  /home/gokul/playground/ece594bb/fpgacc/vcnn/vcnn.runs/synth_1/.Xil/Vivado-19195-dots/dcp29/vcnnbd_processing_system7_0_0_in_context.xdc, line 50).
Applied set_property CLOCK_BUFFER_TYPE = NONE for DDR_dm[1]. (constraint file  /home/gokul/playground/ece594bb/fpgacc/vcnn/vcnn.runs/synth_1/.Xil/Vivado-19195-dots/dcp29/vcnnbd_processing_system7_0_0_in_context.xdc, line 51).
Applied set_property IO_BUFFER_TYPE = NONE for DDR_dm[2]. (constraint file  /home/gokul/playground/ece594bb/fpgacc/vcnn/vcnn.runs/synth_1/.Xil/Vivado-19195-dots/dcp29/vcnnbd_processing_system7_0_0_in_context.xdc, line 52).
Applied set_property CLOCK_BUFFER_TYPE = NONE for DDR_dm[2]. (constraint file  /home/gokul/playground/ece594bb/fpgacc/vcnn/vcnn.runs/synth_1/.Xil/Vivado-19195-dots/dcp29/vcnnbd_processing_system7_0_0_in_context.xdc, line 53).
Applied set_property IO_BUFFER_TYPE = NONE for DDR_dm[3]. (constraint file  /home/gokul/playground/ece594bb/fpgacc/vcnn/vcnn.runs/synth_1/.Xil/Vivado-19195-dots/dcp29/vcnnbd_processing_system7_0_0_in_context.xdc, line 54).
Applied set_property CLOCK_BUFFER_TYPE = NONE for DDR_dm[3]. (constraint file  /home/gokul/playground/ece594bb/fpgacc/vcnn/vcnn.runs/synth_1/.Xil/Vivado-19195-dots/dcp29/vcnnbd_processing_system7_0_0_in_context.xdc, line 55).
Applied set_property IO_BUFFER_TYPE = NONE for DDR_dqs_p[0]. (constraint file  /home/gokul/playground/ece594bb/fpgacc/vcnn/vcnn.runs/synth_1/.Xil/Vivado-19195-dots/dcp29/vcnnbd_processing_system7_0_0_in_context.xdc, line 56).
Applied set_property CLOCK_BUFFER_TYPE = NONE for DDR_dqs_p[0]. (constraint file  /home/gokul/playground/ece594bb/fpgacc/vcnn/vcnn.runs/synth_1/.Xil/Vivado-19195-dots/dcp29/vcnnbd_processing_system7_0_0_in_context.xdc, line 57).
Applied set_property IO_BUFFER_TYPE = NONE for DDR_dqs_p[1]. (constraint file  /home/gokul/playground/ece594bb/fpgacc/vcnn/vcnn.runs/synth_1/.Xil/Vivado-19195-dots/dcp29/vcnnbd_processing_system7_0_0_in_context.xdc, line 58).
Applied set_property CLOCK_BUFFER_TYPE = NONE for DDR_dqs_p[1]. (constraint file  /home/gokul/playground/ece594bb/fpgacc/vcnn/vcnn.runs/synth_1/.Xil/Vivado-19195-dots/dcp29/vcnnbd_processing_system7_0_0_in_context.xdc, line 59).
Applied set_property IO_BUFFER_TYPE = NONE for DDR_dqs_p[2]. (constraint file  /home/gokul/playground/ece594bb/fpgacc/vcnn/vcnn.runs/synth_1/.Xil/Vivado-19195-dots/dcp29/vcnnbd_processing_system7_0_0_in_context.xdc, line 60).
Applied set_property CLOCK_BUFFER_TYPE = NONE for DDR_dqs_p[2]. (constraint file  /home/gokul/playground/ece594bb/fpgacc/vcnn/vcnn.runs/synth_1/.Xil/Vivado-19195-dots/dcp29/vcnnbd_processing_system7_0_0_in_context.xdc, line 61).
Applied set_property IO_BUFFER_TYPE = NONE for DDR_dqs_p[3]. (constraint file  /home/gokul/playground/ece594bb/fpgacc/vcnn/vcnn.runs/synth_1/.Xil/Vivado-19195-dots/dcp29/vcnnbd_processing_system7_0_0_in_context.xdc, line 62).
Applied set_property CLOCK_BUFFER_TYPE = NONE for DDR_dqs_p[3]. (constraint file  /home/gokul/playground/ece594bb/fpgacc/vcnn/vcnn.runs/synth_1/.Xil/Vivado-19195-dots/dcp29/vcnnbd_processing_system7_0_0_in_context.xdc, line 63).
Applied set_property IO_BUFFER_TYPE = NONE for DDR_dqs_n[0]. (constraint file  /home/gokul/playground/ece594bb/fpgacc/vcnn/vcnn.runs/synth_1/.Xil/Vivado-19195-dots/dcp29/vcnnbd_processing_system7_0_0_in_context.xdc, line 64).
Applied set_property CLOCK_BUFFER_TYPE = NONE for DDR_dqs_n[0]. (constraint file  /home/gokul/playground/ece594bb/fpgacc/vcnn/vcnn.runs/synth_1/.Xil/Vivado-19195-dots/dcp29/vcnnbd_processing_system7_0_0_in_context.xdc, line 65).
Applied set_property IO_BUFFER_TYPE = NONE for DDR_dqs_n[1]. (constraint file  /home/gokul/playground/ece594bb/fpgacc/vcnn/vcnn.runs/synth_1/.Xil/Vivado-19195-dots/dcp29/vcnnbd_processing_system7_0_0_in_context.xdc, line 66).
Applied set_property CLOCK_BUFFER_TYPE = NONE for DDR_dqs_n[1]. (constraint file  /home/gokul/playground/ece594bb/fpgacc/vcnn/vcnn.runs/synth_1/.Xil/Vivado-19195-dots/dcp29/vcnnbd_processing_system7_0_0_in_context.xdc, line 67).
Applied set_property IO_BUFFER_TYPE = NONE for DDR_dqs_n[2]. (constraint file  /home/gokul/playground/ece594bb/fpgacc/vcnn/vcnn.runs/synth_1/.Xil/Vivado-19195-dots/dcp29/vcnnbd_processing_system7_0_0_in_context.xdc, line 68).
Applied set_property CLOCK_BUFFER_TYPE = NONE for DDR_dqs_n[2]. (constraint file  /home/gokul/playground/ece594bb/fpgacc/vcnn/vcnn.runs/synth_1/.Xil/Vivado-19195-dots/dcp29/vcnnbd_processing_system7_0_0_in_context.xdc, line 69).
Applied set_property IO_BUFFER_TYPE = NONE for DDR_dqs_n[3]. (constraint file  /home/gokul/playground/ece594bb/fpgacc/vcnn/vcnn.runs/synth_1/.Xil/Vivado-19195-dots/dcp29/vcnnbd_processing_system7_0_0_in_context.xdc, line 70).
Applied set_property CLOCK_BUFFER_TYPE = NONE for DDR_dqs_n[3]. (constraint file  /home/gokul/playground/ece594bb/fpgacc/vcnn/vcnn.runs/synth_1/.Xil/Vivado-19195-dots/dcp29/vcnnbd_processing_system7_0_0_in_context.xdc, line 71).
Applied set_property IO_BUFFER_TYPE = NONE for DDR_dq[0]. (constraint file  /home/gokul/playground/ece594bb/fpgacc/vcnn/vcnn.runs/synth_1/.Xil/Vivado-19195-dots/dcp29/vcnnbd_processing_system7_0_0_in_context.xdc, line 72).
Applied set_property CLOCK_BUFFER_TYPE = NONE for DDR_dq[0]. (constraint file  /home/gokul/playground/ece594bb/fpgacc/vcnn/vcnn.runs/synth_1/.Xil/Vivado-19195-dots/dcp29/vcnnbd_processing_system7_0_0_in_context.xdc, line 73).
Applied set_property IO_BUFFER_TYPE = NONE for DDR_dq[10]. (constraint file  /home/gokul/playground/ece594bb/fpgacc/vcnn/vcnn.runs/synth_1/.Xil/Vivado-19195-dots/dcp29/vcnnbd_processing_system7_0_0_in_context.xdc, line 74).
Applied set_property CLOCK_BUFFER_TYPE = NONE for DDR_dq[10]. (constraint file  /home/gokul/playground/ece594bb/fpgacc/vcnn/vcnn.runs/synth_1/.Xil/Vivado-19195-dots/dcp29/vcnnbd_processing_system7_0_0_in_context.xdc, line 75).
Applied set_property IO_BUFFER_TYPE = NONE for DDR_dq[11]. (constraint file  /home/gokul/playground/ece594bb/fpgacc/vcnn/vcnn.runs/synth_1/.Xil/Vivado-19195-dots/dcp29/vcnnbd_processing_system7_0_0_in_context.xdc, line 76).
Applied set_property CLOCK_BUFFER_TYPE = NONE for DDR_dq[11]. (constraint file  /home/gokul/playground/ece594bb/fpgacc/vcnn/vcnn.runs/synth_1/.Xil/Vivado-19195-dots/dcp29/vcnnbd_processing_system7_0_0_in_context.xdc, line 77).
Applied set_property IO_BUFFER_TYPE = NONE for DDR_dq[12]. (constraint file  /home/gokul/playground/ece594bb/fpgacc/vcnn/vcnn.runs/synth_1/.Xil/Vivado-19195-dots/dcp29/vcnnbd_processing_system7_0_0_in_context.xdc, line 78).
Applied set_property CLOCK_BUFFER_TYPE = NONE for DDR_dq[12]. (constraint file  /home/gokul/playground/ece594bb/fpgacc/vcnn/vcnn.runs/synth_1/.Xil/Vivado-19195-dots/dcp29/vcnnbd_processing_system7_0_0_in_context.xdc, line 79).
Applied set_property IO_BUFFER_TYPE = NONE for DDR_dq[13]. (constraint file  /home/gokul/playground/ece594bb/fpgacc/vcnn/vcnn.runs/synth_1/.Xil/Vivado-19195-dots/dcp29/vcnnbd_processing_system7_0_0_in_context.xdc, line 80).
Applied set_property CLOCK_BUFFER_TYPE = NONE for DDR_dq[13]. (constraint file  /home/gokul/playground/ece594bb/fpgacc/vcnn/vcnn.runs/synth_1/.Xil/Vivado-19195-dots/dcp29/vcnnbd_processing_system7_0_0_in_context.xdc, line 81).
Applied set_property IO_BUFFER_TYPE = NONE for DDR_dq[14]. (constraint file  /home/gokul/playground/ece594bb/fpgacc/vcnn/vcnn.runs/synth_1/.Xil/Vivado-19195-dots/dcp29/vcnnbd_processing_system7_0_0_in_context.xdc, line 82).
Applied set_property CLOCK_BUFFER_TYPE = NONE for DDR_dq[14]. (constraint file  /home/gokul/playground/ece594bb/fpgacc/vcnn/vcnn.runs/synth_1/.Xil/Vivado-19195-dots/dcp29/vcnnbd_processing_system7_0_0_in_context.xdc, line 83).
Applied set_property IO_BUFFER_TYPE = NONE for DDR_dq[15]. (constraint file  /home/gokul/playground/ece594bb/fpgacc/vcnn/vcnn.runs/synth_1/.Xil/Vivado-19195-dots/dcp29/vcnnbd_processing_system7_0_0_in_context.xdc, line 84).
Applied set_property CLOCK_BUFFER_TYPE = NONE for DDR_dq[15]. (constraint file  /home/gokul/playground/ece594bb/fpgacc/vcnn/vcnn.runs/synth_1/.Xil/Vivado-19195-dots/dcp29/vcnnbd_processing_system7_0_0_in_context.xdc, line 85).
Applied set_property IO_BUFFER_TYPE = NONE for DDR_dq[16]. (constraint file  /home/gokul/playground/ece594bb/fpgacc/vcnn/vcnn.runs/synth_1/.Xil/Vivado-19195-dots/dcp29/vcnnbd_processing_system7_0_0_in_context.xdc, line 86).
Applied set_property CLOCK_BUFFER_TYPE = NONE for DDR_dq[16]. (constraint file  /home/gokul/playground/ece594bb/fpgacc/vcnn/vcnn.runs/synth_1/.Xil/Vivado-19195-dots/dcp29/vcnnbd_processing_system7_0_0_in_context.xdc, line 87).
Applied set_property IO_BUFFER_TYPE = NONE for DDR_dq[17]. (constraint file  /home/gokul/playground/ece594bb/fpgacc/vcnn/vcnn.runs/synth_1/.Xil/Vivado-19195-dots/dcp29/vcnnbd_processing_system7_0_0_in_context.xdc, line 88).
Applied set_property CLOCK_BUFFER_TYPE = NONE for DDR_dq[17]. (constraint file  /home/gokul/playground/ece594bb/fpgacc/vcnn/vcnn.runs/synth_1/.Xil/Vivado-19195-dots/dcp29/vcnnbd_processing_system7_0_0_in_context.xdc, line 89).
Applied set_property IO_BUFFER_TYPE = NONE for DDR_dq[18]. (constraint file  /home/gokul/playground/ece594bb/fpgacc/vcnn/vcnn.runs/synth_1/.Xil/Vivado-19195-dots/dcp29/vcnnbd_processing_system7_0_0_in_context.xdc, line 90).
Applied set_property CLOCK_BUFFER_TYPE = NONE for DDR_dq[18]. (constraint file  /home/gokul/playground/ece594bb/fpgacc/vcnn/vcnn.runs/synth_1/.Xil/Vivado-19195-dots/dcp29/vcnnbd_processing_system7_0_0_in_context.xdc, line 91).
Applied set_property IO_BUFFER_TYPE = NONE for DDR_dq[19]. (constraint file  /home/gokul/playground/ece594bb/fpgacc/vcnn/vcnn.runs/synth_1/.Xil/Vivado-19195-dots/dcp29/vcnnbd_processing_system7_0_0_in_context.xdc, line 92).
Applied set_property CLOCK_BUFFER_TYPE = NONE for DDR_dq[19]. (constraint file  /home/gokul/playground/ece594bb/fpgacc/vcnn/vcnn.runs/synth_1/.Xil/Vivado-19195-dots/dcp29/vcnnbd_processing_system7_0_0_in_context.xdc, line 93).
Applied set_property IO_BUFFER_TYPE = NONE for DDR_dq[1]. (constraint file  /home/gokul/playground/ece594bb/fpgacc/vcnn/vcnn.runs/synth_1/.Xil/Vivado-19195-dots/dcp29/vcnnbd_processing_system7_0_0_in_context.xdc, line 94).
Applied set_property CLOCK_BUFFER_TYPE = NONE for DDR_dq[1]. (constraint file  /home/gokul/playground/ece594bb/fpgacc/vcnn/vcnn.runs/synth_1/.Xil/Vivado-19195-dots/dcp29/vcnnbd_processing_system7_0_0_in_context.xdc, line 95).
Applied set_property IO_BUFFER_TYPE = NONE for DDR_dq[20]. (constraint file  /home/gokul/playground/ece594bb/fpgacc/vcnn/vcnn.runs/synth_1/.Xil/Vivado-19195-dots/dcp29/vcnnbd_processing_system7_0_0_in_context.xdc, line 96).
Applied set_property CLOCK_BUFFER_TYPE = NONE for DDR_dq[20]. (constraint file  /home/gokul/playground/ece594bb/fpgacc/vcnn/vcnn.runs/synth_1/.Xil/Vivado-19195-dots/dcp29/vcnnbd_processing_system7_0_0_in_context.xdc, line 97).
Applied set_property IO_BUFFER_TYPE = NONE for DDR_dq[21]. (constraint file  /home/gokul/playground/ece594bb/fpgacc/vcnn/vcnn.runs/synth_1/.Xil/Vivado-19195-dots/dcp29/vcnnbd_processing_system7_0_0_in_context.xdc, line 98).
Applied set_property CLOCK_BUFFER_TYPE = NONE for DDR_dq[21]. (constraint file  /home/gokul/playground/ece594bb/fpgacc/vcnn/vcnn.runs/synth_1/.Xil/Vivado-19195-dots/dcp29/vcnnbd_processing_system7_0_0_in_context.xdc, line 99).
Applied set_property IO_BUFFER_TYPE = NONE for DDR_dq[22]. (constraint file  /home/gokul/playground/ece594bb/fpgacc/vcnn/vcnn.runs/synth_1/.Xil/Vivado-19195-dots/dcp29/vcnnbd_processing_system7_0_0_in_context.xdc, line 100).
Applied set_property CLOCK_BUFFER_TYPE = NONE for DDR_dq[22]. (constraint file  /home/gokul/playground/ece594bb/fpgacc/vcnn/vcnn.runs/synth_1/.Xil/Vivado-19195-dots/dcp29/vcnnbd_processing_system7_0_0_in_context.xdc, line 101).
Applied set_property IO_BUFFER_TYPE = NONE for DDR_dq[23]. (constraint file  /home/gokul/playground/ece594bb/fpgacc/vcnn/vcnn.runs/synth_1/.Xil/Vivado-19195-dots/dcp29/vcnnbd_processing_system7_0_0_in_context.xdc, line 102).
Applied set_property CLOCK_BUFFER_TYPE = NONE for DDR_dq[23]. (constraint file  /home/gokul/playground/ece594bb/fpgacc/vcnn/vcnn.runs/synth_1/.Xil/Vivado-19195-dots/dcp29/vcnnbd_processing_system7_0_0_in_context.xdc, line 103).
Applied set_property IO_BUFFER_TYPE = NONE for DDR_dq[24]. (constraint file  /home/gokul/playground/ece594bb/fpgacc/vcnn/vcnn.runs/synth_1/.Xil/Vivado-19195-dots/dcp29/vcnnbd_processing_system7_0_0_in_context.xdc, line 104).
Applied set_property CLOCK_BUFFER_TYPE = NONE for DDR_dq[24]. (constraint file  /home/gokul/playground/ece594bb/fpgacc/vcnn/vcnn.runs/synth_1/.Xil/Vivado-19195-dots/dcp29/vcnnbd_processing_system7_0_0_in_context.xdc, line 105).
Applied set_property IO_BUFFER_TYPE = NONE for DDR_dq[25]. (constraint file  /home/gokul/playground/ece594bb/fpgacc/vcnn/vcnn.runs/synth_1/.Xil/Vivado-19195-dots/dcp29/vcnnbd_processing_system7_0_0_in_context.xdc, line 106).
Applied set_property CLOCK_BUFFER_TYPE = NONE for DDR_dq[25]. (constraint file  /home/gokul/playground/ece594bb/fpgacc/vcnn/vcnn.runs/synth_1/.Xil/Vivado-19195-dots/dcp29/vcnnbd_processing_system7_0_0_in_context.xdc, line 107).
Applied set_property IO_BUFFER_TYPE = NONE for DDR_dq[26]. (constraint file  /home/gokul/playground/ece594bb/fpgacc/vcnn/vcnn.runs/synth_1/.Xil/Vivado-19195-dots/dcp29/vcnnbd_processing_system7_0_0_in_context.xdc, line 108).
Applied set_property CLOCK_BUFFER_TYPE = NONE for DDR_dq[26]. (constraint file  /home/gokul/playground/ece594bb/fpgacc/vcnn/vcnn.runs/synth_1/.Xil/Vivado-19195-dots/dcp29/vcnnbd_processing_system7_0_0_in_context.xdc, line 109).
Applied set_property IO_BUFFER_TYPE = NONE for DDR_dq[27]. (constraint file  /home/gokul/playground/ece594bb/fpgacc/vcnn/vcnn.runs/synth_1/.Xil/Vivado-19195-dots/dcp29/vcnnbd_processing_system7_0_0_in_context.xdc, line 110).
Applied set_property CLOCK_BUFFER_TYPE = NONE for DDR_dq[27]. (constraint file  /home/gokul/playground/ece594bb/fpgacc/vcnn/vcnn.runs/synth_1/.Xil/Vivado-19195-dots/dcp29/vcnnbd_processing_system7_0_0_in_context.xdc, line 111).
Applied set_property IO_BUFFER_TYPE = NONE for DDR_dq[28]. (constraint file  /home/gokul/playground/ece594bb/fpgacc/vcnn/vcnn.runs/synth_1/.Xil/Vivado-19195-dots/dcp29/vcnnbd_processing_system7_0_0_in_context.xdc, line 112).
Applied set_property CLOCK_BUFFER_TYPE = NONE for DDR_dq[28]. (constraint file  /home/gokul/playground/ece594bb/fpgacc/vcnn/vcnn.runs/synth_1/.Xil/Vivado-19195-dots/dcp29/vcnnbd_processing_system7_0_0_in_context.xdc, line 113).
Applied set_property IO_BUFFER_TYPE = NONE for DDR_dq[29]. (constraint file  /home/gokul/playground/ece594bb/fpgacc/vcnn/vcnn.runs/synth_1/.Xil/Vivado-19195-dots/dcp29/vcnnbd_processing_system7_0_0_in_context.xdc, line 114).
Applied set_property CLOCK_BUFFER_TYPE = NONE for DDR_dq[29]. (constraint file  /home/gokul/playground/ece594bb/fpgacc/vcnn/vcnn.runs/synth_1/.Xil/Vivado-19195-dots/dcp29/vcnnbd_processing_system7_0_0_in_context.xdc, line 115).
Applied set_property IO_BUFFER_TYPE = NONE for DDR_dq[2]. (constraint file  /home/gokul/playground/ece594bb/fpgacc/vcnn/vcnn.runs/synth_1/.Xil/Vivado-19195-dots/dcp29/vcnnbd_processing_system7_0_0_in_context.xdc, line 116).
Applied set_property CLOCK_BUFFER_TYPE = NONE for DDR_dq[2]. (constraint file  /home/gokul/playground/ece594bb/fpgacc/vcnn/vcnn.runs/synth_1/.Xil/Vivado-19195-dots/dcp29/vcnnbd_processing_system7_0_0_in_context.xdc, line 117).
Applied set_property IO_BUFFER_TYPE = NONE for DDR_dq[30]. (constraint file  /home/gokul/playground/ece594bb/fpgacc/vcnn/vcnn.runs/synth_1/.Xil/Vivado-19195-dots/dcp29/vcnnbd_processing_system7_0_0_in_context.xdc, line 118).
Applied set_property CLOCK_BUFFER_TYPE = NONE for DDR_dq[30]. (constraint file  /home/gokul/playground/ece594bb/fpgacc/vcnn/vcnn.runs/synth_1/.Xil/Vivado-19195-dots/dcp29/vcnnbd_processing_system7_0_0_in_context.xdc, line 119).
Applied set_property IO_BUFFER_TYPE = NONE for DDR_dq[31]. (constraint file  /home/gokul/playground/ece594bb/fpgacc/vcnn/vcnn.runs/synth_1/.Xil/Vivado-19195-dots/dcp29/vcnnbd_processing_system7_0_0_in_context.xdc, line 120).
Applied set_property CLOCK_BUFFER_TYPE = NONE for DDR_dq[31]. (constraint file  /home/gokul/playground/ece594bb/fpgacc/vcnn/vcnn.runs/synth_1/.Xil/Vivado-19195-dots/dcp29/vcnnbd_processing_system7_0_0_in_context.xdc, line 121).
Applied set_property IO_BUFFER_TYPE = NONE for DDR_dq[3]. (constraint file  /home/gokul/playground/ece594bb/fpgacc/vcnn/vcnn.runs/synth_1/.Xil/Vivado-19195-dots/dcp29/vcnnbd_processing_system7_0_0_in_context.xdc, line 122).
Applied set_property CLOCK_BUFFER_TYPE = NONE for DDR_dq[3]. (constraint file  /home/gokul/playground/ece594bb/fpgacc/vcnn/vcnn.runs/synth_1/.Xil/Vivado-19195-dots/dcp29/vcnnbd_processing_system7_0_0_in_context.xdc, line 123).
Applied set_property IO_BUFFER_TYPE = NONE for DDR_dq[4]. (constraint file  /home/gokul/playground/ece594bb/fpgacc/vcnn/vcnn.runs/synth_1/.Xil/Vivado-19195-dots/dcp29/vcnnbd_processing_system7_0_0_in_context.xdc, line 124).
Applied set_property CLOCK_BUFFER_TYPE = NONE for DDR_dq[4]. (constraint file  /home/gokul/playground/ece594bb/fpgacc/vcnn/vcnn.runs/synth_1/.Xil/Vivado-19195-dots/dcp29/vcnnbd_processing_system7_0_0_in_context.xdc, line 125).
Applied set_property IO_BUFFER_TYPE = NONE for DDR_dq[5]. (constraint file  /home/gokul/playground/ece594bb/fpgacc/vcnn/vcnn.runs/synth_1/.Xil/Vivado-19195-dots/dcp29/vcnnbd_processing_system7_0_0_in_context.xdc, line 126).
Applied set_property CLOCK_BUFFER_TYPE = NONE for DDR_dq[5]. (constraint file  /home/gokul/playground/ece594bb/fpgacc/vcnn/vcnn.runs/synth_1/.Xil/Vivado-19195-dots/dcp29/vcnnbd_processing_system7_0_0_in_context.xdc, line 127).
Applied set_property IO_BUFFER_TYPE = NONE for DDR_dq[6]. (constraint file  /home/gokul/playground/ece594bb/fpgacc/vcnn/vcnn.runs/synth_1/.Xil/Vivado-19195-dots/dcp29/vcnnbd_processing_system7_0_0_in_context.xdc, line 128).
Applied set_property CLOCK_BUFFER_TYPE = NONE for DDR_dq[6]. (constraint file  /home/gokul/playground/ece594bb/fpgacc/vcnn/vcnn.runs/synth_1/.Xil/Vivado-19195-dots/dcp29/vcnnbd_processing_system7_0_0_in_context.xdc, line 129).
Applied set_property IO_BUFFER_TYPE = NONE for DDR_dq[7]. (constraint file  /home/gokul/playground/ece594bb/fpgacc/vcnn/vcnn.runs/synth_1/.Xil/Vivado-19195-dots/dcp29/vcnnbd_processing_system7_0_0_in_context.xdc, line 130).
Applied set_property CLOCK_BUFFER_TYPE = NONE for DDR_dq[7]. (constraint file  /home/gokul/playground/ece594bb/fpgacc/vcnn/vcnn.runs/synth_1/.Xil/Vivado-19195-dots/dcp29/vcnnbd_processing_system7_0_0_in_context.xdc, line 131).
Applied set_property IO_BUFFER_TYPE = NONE for DDR_dq[8]. (constraint file  /home/gokul/playground/ece594bb/fpgacc/vcnn/vcnn.runs/synth_1/.Xil/Vivado-19195-dots/dcp29/vcnnbd_processing_system7_0_0_in_context.xdc, line 132).
Applied set_property CLOCK_BUFFER_TYPE = NONE for DDR_dq[8]. (constraint file  /home/gokul/playground/ece594bb/fpgacc/vcnn/vcnn.runs/synth_1/.Xil/Vivado-19195-dots/dcp29/vcnnbd_processing_system7_0_0_in_context.xdc, line 133).
Applied set_property IO_BUFFER_TYPE = NONE for DDR_dq[9]. (constraint file  /home/gokul/playground/ece594bb/fpgacc/vcnn/vcnn.runs/synth_1/.Xil/Vivado-19195-dots/dcp29/vcnnbd_processing_system7_0_0_in_context.xdc, line 134).
Applied set_property CLOCK_BUFFER_TYPE = NONE for DDR_dq[9]. (constraint file  /home/gokul/playground/ece594bb/fpgacc/vcnn/vcnn.runs/synth_1/.Xil/Vivado-19195-dots/dcp29/vcnnbd_processing_system7_0_0_in_context.xdc, line 135).
Applied set_property IO_BUFFER_TYPE = NONE for DDR_reset_n. (constraint file  /home/gokul/playground/ece594bb/fpgacc/vcnn/vcnn.runs/synth_1/.Xil/Vivado-19195-dots/dcp29/vcnnbd_processing_system7_0_0_in_context.xdc, line 136).
Applied set_property CLOCK_BUFFER_TYPE = NONE for DDR_reset_n. (constraint file  /home/gokul/playground/ece594bb/fpgacc/vcnn/vcnn.runs/synth_1/.Xil/Vivado-19195-dots/dcp29/vcnnbd_processing_system7_0_0_in_context.xdc, line 137).
Applied set_property IO_BUFFER_TYPE = NONE for DDR_odt. (constraint file  /home/gokul/playground/ece594bb/fpgacc/vcnn/vcnn.runs/synth_1/.Xil/Vivado-19195-dots/dcp29/vcnnbd_processing_system7_0_0_in_context.xdc, line 138).
Applied set_property CLOCK_BUFFER_TYPE = NONE for DDR_odt. (constraint file  /home/gokul/playground/ece594bb/fpgacc/vcnn/vcnn.runs/synth_1/.Xil/Vivado-19195-dots/dcp29/vcnnbd_processing_system7_0_0_in_context.xdc, line 139).
Applied set_property IO_BUFFER_TYPE = NONE for DDR_ras_n. (constraint file  /home/gokul/playground/ece594bb/fpgacc/vcnn/vcnn.runs/synth_1/.Xil/Vivado-19195-dots/dcp29/vcnnbd_processing_system7_0_0_in_context.xdc, line 140).
Applied set_property CLOCK_BUFFER_TYPE = NONE for DDR_ras_n. (constraint file  /home/gokul/playground/ece594bb/fpgacc/vcnn/vcnn.runs/synth_1/.Xil/Vivado-19195-dots/dcp29/vcnnbd_processing_system7_0_0_in_context.xdc, line 141).
Applied set_property IO_BUFFER_TYPE = NONE for FIXED_IO_ddr_vrn. (constraint file  /home/gokul/playground/ece594bb/fpgacc/vcnn/vcnn.runs/synth_1/.Xil/Vivado-19195-dots/dcp29/vcnnbd_processing_system7_0_0_in_context.xdc, line 142).
Applied set_property CLOCK_BUFFER_TYPE = NONE for FIXED_IO_ddr_vrn. (constraint file  /home/gokul/playground/ece594bb/fpgacc/vcnn/vcnn.runs/synth_1/.Xil/Vivado-19195-dots/dcp29/vcnnbd_processing_system7_0_0_in_context.xdc, line 143).
Applied set_property IO_BUFFER_TYPE = NONE for FIXED_IO_ddr_vrp. (constraint file  /home/gokul/playground/ece594bb/fpgacc/vcnn/vcnn.runs/synth_1/.Xil/Vivado-19195-dots/dcp29/vcnnbd_processing_system7_0_0_in_context.xdc, line 144).
Applied set_property CLOCK_BUFFER_TYPE = NONE for FIXED_IO_ddr_vrp. (constraint file  /home/gokul/playground/ece594bb/fpgacc/vcnn/vcnn.runs/synth_1/.Xil/Vivado-19195-dots/dcp29/vcnnbd_processing_system7_0_0_in_context.xdc, line 145).
Applied set_property IO_BUFFER_TYPE = NONE for DDR_we_n. (constraint file  /home/gokul/playground/ece594bb/fpgacc/vcnn/vcnn.runs/synth_1/.Xil/Vivado-19195-dots/dcp29/vcnnbd_processing_system7_0_0_in_context.xdc, line 146).
Applied set_property CLOCK_BUFFER_TYPE = NONE for DDR_we_n. (constraint file  /home/gokul/playground/ece594bb/fpgacc/vcnn/vcnn.runs/synth_1/.Xil/Vivado-19195-dots/dcp29/vcnnbd_processing_system7_0_0_in_context.xdc, line 147).
Applied set_property IO_BUFFER_TYPE = NONE for FIXED_IO_mio[0]. (constraint file  /home/gokul/playground/ece594bb/fpgacc/vcnn/vcnn.runs/synth_1/.Xil/Vivado-19195-dots/dcp29/vcnnbd_processing_system7_0_0_in_context.xdc, line 148).
Applied set_property CLOCK_BUFFER_TYPE = NONE for FIXED_IO_mio[0]. (constraint file  /home/gokul/playground/ece594bb/fpgacc/vcnn/vcnn.runs/synth_1/.Xil/Vivado-19195-dots/dcp29/vcnnbd_processing_system7_0_0_in_context.xdc, line 149).
Applied set_property IO_BUFFER_TYPE = NONE for FIXED_IO_mio[10]. (constraint file  /home/gokul/playground/ece594bb/fpgacc/vcnn/vcnn.runs/synth_1/.Xil/Vivado-19195-dots/dcp29/vcnnbd_processing_system7_0_0_in_context.xdc, line 150).
Applied set_property CLOCK_BUFFER_TYPE = NONE for FIXED_IO_mio[10]. (constraint file  /home/gokul/playground/ece594bb/fpgacc/vcnn/vcnn.runs/synth_1/.Xil/Vivado-19195-dots/dcp29/vcnnbd_processing_system7_0_0_in_context.xdc, line 151).
Applied set_property IO_BUFFER_TYPE = NONE for FIXED_IO_mio[11]. (constraint file  /home/gokul/playground/ece594bb/fpgacc/vcnn/vcnn.runs/synth_1/.Xil/Vivado-19195-dots/dcp29/vcnnbd_processing_system7_0_0_in_context.xdc, line 152).
Applied set_property CLOCK_BUFFER_TYPE = NONE for FIXED_IO_mio[11]. (constraint file  /home/gokul/playground/ece594bb/fpgacc/vcnn/vcnn.runs/synth_1/.Xil/Vivado-19195-dots/dcp29/vcnnbd_processing_system7_0_0_in_context.xdc, line 153).
Applied set_property IO_BUFFER_TYPE = NONE for FIXED_IO_mio[12]. (constraint file  /home/gokul/playground/ece594bb/fpgacc/vcnn/vcnn.runs/synth_1/.Xil/Vivado-19195-dots/dcp29/vcnnbd_processing_system7_0_0_in_context.xdc, line 154).
Applied set_property CLOCK_BUFFER_TYPE = NONE for FIXED_IO_mio[12]. (constraint file  /home/gokul/playground/ece594bb/fpgacc/vcnn/vcnn.runs/synth_1/.Xil/Vivado-19195-dots/dcp29/vcnnbd_processing_system7_0_0_in_context.xdc, line 155).
Applied set_property IO_BUFFER_TYPE = NONE for FIXED_IO_mio[13]. (constraint file  /home/gokul/playground/ece594bb/fpgacc/vcnn/vcnn.runs/synth_1/.Xil/Vivado-19195-dots/dcp29/vcnnbd_processing_system7_0_0_in_context.xdc, line 156).
Applied set_property CLOCK_BUFFER_TYPE = NONE for FIXED_IO_mio[13]. (constraint file  /home/gokul/playground/ece594bb/fpgacc/vcnn/vcnn.runs/synth_1/.Xil/Vivado-19195-dots/dcp29/vcnnbd_processing_system7_0_0_in_context.xdc, line 157).
Applied set_property IO_BUFFER_TYPE = NONE for FIXED_IO_mio[14]. (constraint file  /home/gokul/playground/ece594bb/fpgacc/vcnn/vcnn.runs/synth_1/.Xil/Vivado-19195-dots/dcp29/vcnnbd_processing_system7_0_0_in_context.xdc, line 158).
Applied set_property CLOCK_BUFFER_TYPE = NONE for FIXED_IO_mio[14]. (constraint file  /home/gokul/playground/ece594bb/fpgacc/vcnn/vcnn.runs/synth_1/.Xil/Vivado-19195-dots/dcp29/vcnnbd_processing_system7_0_0_in_context.xdc, line 159).
Applied set_property IO_BUFFER_TYPE = NONE for FIXED_IO_mio[15]. (constraint file  /home/gokul/playground/ece594bb/fpgacc/vcnn/vcnn.runs/synth_1/.Xil/Vivado-19195-dots/dcp29/vcnnbd_processing_system7_0_0_in_context.xdc, line 160).
Applied set_property CLOCK_BUFFER_TYPE = NONE for FIXED_IO_mio[15]. (constraint file  /home/gokul/playground/ece594bb/fpgacc/vcnn/vcnn.runs/synth_1/.Xil/Vivado-19195-dots/dcp29/vcnnbd_processing_system7_0_0_in_context.xdc, line 161).
Applied set_property IO_BUFFER_TYPE = NONE for FIXED_IO_mio[16]. (constraint file  /home/gokul/playground/ece594bb/fpgacc/vcnn/vcnn.runs/synth_1/.Xil/Vivado-19195-dots/dcp29/vcnnbd_processing_system7_0_0_in_context.xdc, line 162).
Applied set_property CLOCK_BUFFER_TYPE = NONE for FIXED_IO_mio[16]. (constraint file  /home/gokul/playground/ece594bb/fpgacc/vcnn/vcnn.runs/synth_1/.Xil/Vivado-19195-dots/dcp29/vcnnbd_processing_system7_0_0_in_context.xdc, line 163).
Applied set_property IO_BUFFER_TYPE = NONE for FIXED_IO_mio[17]. (constraint file  /home/gokul/playground/ece594bb/fpgacc/vcnn/vcnn.runs/synth_1/.Xil/Vivado-19195-dots/dcp29/vcnnbd_processing_system7_0_0_in_context.xdc, line 164).
Applied set_property CLOCK_BUFFER_TYPE = NONE for FIXED_IO_mio[17]. (constraint file  /home/gokul/playground/ece594bb/fpgacc/vcnn/vcnn.runs/synth_1/.Xil/Vivado-19195-dots/dcp29/vcnnbd_processing_system7_0_0_in_context.xdc, line 165).
Applied set_property IO_BUFFER_TYPE = NONE for FIXED_IO_mio[18]. (constraint file  /home/gokul/playground/ece594bb/fpgacc/vcnn/vcnn.runs/synth_1/.Xil/Vivado-19195-dots/dcp29/vcnnbd_processing_system7_0_0_in_context.xdc, line 166).
Applied set_property CLOCK_BUFFER_TYPE = NONE for FIXED_IO_mio[18]. (constraint file  /home/gokul/playground/ece594bb/fpgacc/vcnn/vcnn.runs/synth_1/.Xil/Vivado-19195-dots/dcp29/vcnnbd_processing_system7_0_0_in_context.xdc, line 167).
Applied set_property IO_BUFFER_TYPE = NONE for FIXED_IO_mio[19]. (constraint file  /home/gokul/playground/ece594bb/fpgacc/vcnn/vcnn.runs/synth_1/.Xil/Vivado-19195-dots/dcp29/vcnnbd_processing_system7_0_0_in_context.xdc, line 168).
Applied set_property CLOCK_BUFFER_TYPE = NONE for FIXED_IO_mio[19]. (constraint file  /home/gokul/playground/ece594bb/fpgacc/vcnn/vcnn.runs/synth_1/.Xil/Vivado-19195-dots/dcp29/vcnnbd_processing_system7_0_0_in_context.xdc, line 169).
Applied set_property IO_BUFFER_TYPE = NONE for FIXED_IO_mio[1]. (constraint file  /home/gokul/playground/ece594bb/fpgacc/vcnn/vcnn.runs/synth_1/.Xil/Vivado-19195-dots/dcp29/vcnnbd_processing_system7_0_0_in_context.xdc, line 170).
Applied set_property CLOCK_BUFFER_TYPE = NONE for FIXED_IO_mio[1]. (constraint file  /home/gokul/playground/ece594bb/fpgacc/vcnn/vcnn.runs/synth_1/.Xil/Vivado-19195-dots/dcp29/vcnnbd_processing_system7_0_0_in_context.xdc, line 171).
Applied set_property IO_BUFFER_TYPE = NONE for FIXED_IO_mio[20]. (constraint file  /home/gokul/playground/ece594bb/fpgacc/vcnn/vcnn.runs/synth_1/.Xil/Vivado-19195-dots/dcp29/vcnnbd_processing_system7_0_0_in_context.xdc, line 172).
Applied set_property CLOCK_BUFFER_TYPE = NONE for FIXED_IO_mio[20]. (constraint file  /home/gokul/playground/ece594bb/fpgacc/vcnn/vcnn.runs/synth_1/.Xil/Vivado-19195-dots/dcp29/vcnnbd_processing_system7_0_0_in_context.xdc, line 173).
Applied set_property IO_BUFFER_TYPE = NONE for FIXED_IO_mio[21]. (constraint file  /home/gokul/playground/ece594bb/fpgacc/vcnn/vcnn.runs/synth_1/.Xil/Vivado-19195-dots/dcp29/vcnnbd_processing_system7_0_0_in_context.xdc, line 174).
Applied set_property CLOCK_BUFFER_TYPE = NONE for FIXED_IO_mio[21]. (constraint file  /home/gokul/playground/ece594bb/fpgacc/vcnn/vcnn.runs/synth_1/.Xil/Vivado-19195-dots/dcp29/vcnnbd_processing_system7_0_0_in_context.xdc, line 175).
Applied set_property IO_BUFFER_TYPE = NONE for FIXED_IO_mio[22]. (constraint file  /home/gokul/playground/ece594bb/fpgacc/vcnn/vcnn.runs/synth_1/.Xil/Vivado-19195-dots/dcp29/vcnnbd_processing_system7_0_0_in_context.xdc, line 176).
Applied set_property CLOCK_BUFFER_TYPE = NONE for FIXED_IO_mio[22]. (constraint file  /home/gokul/playground/ece594bb/fpgacc/vcnn/vcnn.runs/synth_1/.Xil/Vivado-19195-dots/dcp29/vcnnbd_processing_system7_0_0_in_context.xdc, line 177).
Applied set_property IO_BUFFER_TYPE = NONE for FIXED_IO_mio[23]. (constraint file  /home/gokul/playground/ece594bb/fpgacc/vcnn/vcnn.runs/synth_1/.Xil/Vivado-19195-dots/dcp29/vcnnbd_processing_system7_0_0_in_context.xdc, line 178).
Applied set_property CLOCK_BUFFER_TYPE = NONE for FIXED_IO_mio[23]. (constraint file  /home/gokul/playground/ece594bb/fpgacc/vcnn/vcnn.runs/synth_1/.Xil/Vivado-19195-dots/dcp29/vcnnbd_processing_system7_0_0_in_context.xdc, line 179).
Applied set_property IO_BUFFER_TYPE = NONE for FIXED_IO_mio[24]. (constraint file  /home/gokul/playground/ece594bb/fpgacc/vcnn/vcnn.runs/synth_1/.Xil/Vivado-19195-dots/dcp29/vcnnbd_processing_system7_0_0_in_context.xdc, line 180).
Applied set_property CLOCK_BUFFER_TYPE = NONE for FIXED_IO_mio[24]. (constraint file  /home/gokul/playground/ece594bb/fpgacc/vcnn/vcnn.runs/synth_1/.Xil/Vivado-19195-dots/dcp29/vcnnbd_processing_system7_0_0_in_context.xdc, line 181).
Applied set_property IO_BUFFER_TYPE = NONE for FIXED_IO_mio[25]. (constraint file  /home/gokul/playground/ece594bb/fpgacc/vcnn/vcnn.runs/synth_1/.Xil/Vivado-19195-dots/dcp29/vcnnbd_processing_system7_0_0_in_context.xdc, line 182).
Applied set_property CLOCK_BUFFER_TYPE = NONE for FIXED_IO_mio[25]. (constraint file  /home/gokul/playground/ece594bb/fpgacc/vcnn/vcnn.runs/synth_1/.Xil/Vivado-19195-dots/dcp29/vcnnbd_processing_system7_0_0_in_context.xdc, line 183).
Applied set_property IO_BUFFER_TYPE = NONE for FIXED_IO_mio[26]. (constraint file  /home/gokul/playground/ece594bb/fpgacc/vcnn/vcnn.runs/synth_1/.Xil/Vivado-19195-dots/dcp29/vcnnbd_processing_system7_0_0_in_context.xdc, line 184).
Applied set_property CLOCK_BUFFER_TYPE = NONE for FIXED_IO_mio[26]. (constraint file  /home/gokul/playground/ece594bb/fpgacc/vcnn/vcnn.runs/synth_1/.Xil/Vivado-19195-dots/dcp29/vcnnbd_processing_system7_0_0_in_context.xdc, line 185).
Applied set_property IO_BUFFER_TYPE = NONE for FIXED_IO_mio[27]. (constraint file  /home/gokul/playground/ece594bb/fpgacc/vcnn/vcnn.runs/synth_1/.Xil/Vivado-19195-dots/dcp29/vcnnbd_processing_system7_0_0_in_context.xdc, line 186).
Applied set_property CLOCK_BUFFER_TYPE = NONE for FIXED_IO_mio[27]. (constraint file  /home/gokul/playground/ece594bb/fpgacc/vcnn/vcnn.runs/synth_1/.Xil/Vivado-19195-dots/dcp29/vcnnbd_processing_system7_0_0_in_context.xdc, line 187).
Applied set_property IO_BUFFER_TYPE = NONE for FIXED_IO_mio[28]. (constraint file  /home/gokul/playground/ece594bb/fpgacc/vcnn/vcnn.runs/synth_1/.Xil/Vivado-19195-dots/dcp29/vcnnbd_processing_system7_0_0_in_context.xdc, line 188).
Applied set_property CLOCK_BUFFER_TYPE = NONE for FIXED_IO_mio[28]. (constraint file  /home/gokul/playground/ece594bb/fpgacc/vcnn/vcnn.runs/synth_1/.Xil/Vivado-19195-dots/dcp29/vcnnbd_processing_system7_0_0_in_context.xdc, line 189).
Applied set_property IO_BUFFER_TYPE = NONE for FIXED_IO_mio[29]. (constraint file  /home/gokul/playground/ece594bb/fpgacc/vcnn/vcnn.runs/synth_1/.Xil/Vivado-19195-dots/dcp29/vcnnbd_processing_system7_0_0_in_context.xdc, line 190).
Applied set_property CLOCK_BUFFER_TYPE = NONE for FIXED_IO_mio[29]. (constraint file  /home/gokul/playground/ece594bb/fpgacc/vcnn/vcnn.runs/synth_1/.Xil/Vivado-19195-dots/dcp29/vcnnbd_processing_system7_0_0_in_context.xdc, line 191).
Applied set_property IO_BUFFER_TYPE = NONE for FIXED_IO_mio[2]. (constraint file  /home/gokul/playground/ece594bb/fpgacc/vcnn/vcnn.runs/synth_1/.Xil/Vivado-19195-dots/dcp29/vcnnbd_processing_system7_0_0_in_context.xdc, line 192).
Applied set_property CLOCK_BUFFER_TYPE = NONE for FIXED_IO_mio[2]. (constraint file  /home/gokul/playground/ece594bb/fpgacc/vcnn/vcnn.runs/synth_1/.Xil/Vivado-19195-dots/dcp29/vcnnbd_processing_system7_0_0_in_context.xdc, line 193).
Applied set_property IO_BUFFER_TYPE = NONE for FIXED_IO_mio[30]. (constraint file  /home/gokul/playground/ece594bb/fpgacc/vcnn/vcnn.runs/synth_1/.Xil/Vivado-19195-dots/dcp29/vcnnbd_processing_system7_0_0_in_context.xdc, line 194).
Applied set_property CLOCK_BUFFER_TYPE = NONE for FIXED_IO_mio[30]. (constraint file  /home/gokul/playground/ece594bb/fpgacc/vcnn/vcnn.runs/synth_1/.Xil/Vivado-19195-dots/dcp29/vcnnbd_processing_system7_0_0_in_context.xdc, line 195).
Applied set_property IO_BUFFER_TYPE = NONE for FIXED_IO_mio[31]. (constraint file  /home/gokul/playground/ece594bb/fpgacc/vcnn/vcnn.runs/synth_1/.Xil/Vivado-19195-dots/dcp29/vcnnbd_processing_system7_0_0_in_context.xdc, line 196).
Applied set_property CLOCK_BUFFER_TYPE = NONE for FIXED_IO_mio[31]. (constraint file  /home/gokul/playground/ece594bb/fpgacc/vcnn/vcnn.runs/synth_1/.Xil/Vivado-19195-dots/dcp29/vcnnbd_processing_system7_0_0_in_context.xdc, line 197).
Applied set_property IO_BUFFER_TYPE = NONE for FIXED_IO_mio[32]. (constraint file  /home/gokul/playground/ece594bb/fpgacc/vcnn/vcnn.runs/synth_1/.Xil/Vivado-19195-dots/dcp29/vcnnbd_processing_system7_0_0_in_context.xdc, line 198).
Applied set_property CLOCK_BUFFER_TYPE = NONE for FIXED_IO_mio[32]. (constraint file  /home/gokul/playground/ece594bb/fpgacc/vcnn/vcnn.runs/synth_1/.Xil/Vivado-19195-dots/dcp29/vcnnbd_processing_system7_0_0_in_context.xdc, line 199).
Applied set_property IO_BUFFER_TYPE = NONE for FIXED_IO_mio[33]. (constraint file  /home/gokul/playground/ece594bb/fpgacc/vcnn/vcnn.runs/synth_1/.Xil/Vivado-19195-dots/dcp29/vcnnbd_processing_system7_0_0_in_context.xdc, line 200).
Applied set_property CLOCK_BUFFER_TYPE = NONE for FIXED_IO_mio[33]. (constraint file  /home/gokul/playground/ece594bb/fpgacc/vcnn/vcnn.runs/synth_1/.Xil/Vivado-19195-dots/dcp29/vcnnbd_processing_system7_0_0_in_context.xdc, line 201).
Applied set_property IO_BUFFER_TYPE = NONE for FIXED_IO_mio[34]. (constraint file  /home/gokul/playground/ece594bb/fpgacc/vcnn/vcnn.runs/synth_1/.Xil/Vivado-19195-dots/dcp29/vcnnbd_processing_system7_0_0_in_context.xdc, line 202).
Applied set_property CLOCK_BUFFER_TYPE = NONE for FIXED_IO_mio[34]. (constraint file  /home/gokul/playground/ece594bb/fpgacc/vcnn/vcnn.runs/synth_1/.Xil/Vivado-19195-dots/dcp29/vcnnbd_processing_system7_0_0_in_context.xdc, line 203).
Applied set_property IO_BUFFER_TYPE = NONE for FIXED_IO_mio[35]. (constraint file  /home/gokul/playground/ece594bb/fpgacc/vcnn/vcnn.runs/synth_1/.Xil/Vivado-19195-dots/dcp29/vcnnbd_processing_system7_0_0_in_context.xdc, line 204).
Applied set_property CLOCK_BUFFER_TYPE = NONE for FIXED_IO_mio[35]. (constraint file  /home/gokul/playground/ece594bb/fpgacc/vcnn/vcnn.runs/synth_1/.Xil/Vivado-19195-dots/dcp29/vcnnbd_processing_system7_0_0_in_context.xdc, line 205).
Applied set_property IO_BUFFER_TYPE = NONE for FIXED_IO_mio[36]. (constraint file  /home/gokul/playground/ece594bb/fpgacc/vcnn/vcnn.runs/synth_1/.Xil/Vivado-19195-dots/dcp29/vcnnbd_processing_system7_0_0_in_context.xdc, line 206).
Applied set_property CLOCK_BUFFER_TYPE = NONE for FIXED_IO_mio[36]. (constraint file  /home/gokul/playground/ece594bb/fpgacc/vcnn/vcnn.runs/synth_1/.Xil/Vivado-19195-dots/dcp29/vcnnbd_processing_system7_0_0_in_context.xdc, line 207).
Applied set_property IO_BUFFER_TYPE = NONE for FIXED_IO_mio[37]. (constraint file  /home/gokul/playground/ece594bb/fpgacc/vcnn/vcnn.runs/synth_1/.Xil/Vivado-19195-dots/dcp29/vcnnbd_processing_system7_0_0_in_context.xdc, line 208).
Applied set_property CLOCK_BUFFER_TYPE = NONE for FIXED_IO_mio[37]. (constraint file  /home/gokul/playground/ece594bb/fpgacc/vcnn/vcnn.runs/synth_1/.Xil/Vivado-19195-dots/dcp29/vcnnbd_processing_system7_0_0_in_context.xdc, line 209).
Applied set_property IO_BUFFER_TYPE = NONE for FIXED_IO_mio[38]. (constraint file  /home/gokul/playground/ece594bb/fpgacc/vcnn/vcnn.runs/synth_1/.Xil/Vivado-19195-dots/dcp29/vcnnbd_processing_system7_0_0_in_context.xdc, line 210).
Applied set_property CLOCK_BUFFER_TYPE = NONE for FIXED_IO_mio[38]. (constraint file  /home/gokul/playground/ece594bb/fpgacc/vcnn/vcnn.runs/synth_1/.Xil/Vivado-19195-dots/dcp29/vcnnbd_processing_system7_0_0_in_context.xdc, line 211).
Applied set_property IO_BUFFER_TYPE = NONE for FIXED_IO_mio[39]. (constraint file  /home/gokul/playground/ece594bb/fpgacc/vcnn/vcnn.runs/synth_1/.Xil/Vivado-19195-dots/dcp29/vcnnbd_processing_system7_0_0_in_context.xdc, line 212).
Applied set_property CLOCK_BUFFER_TYPE = NONE for FIXED_IO_mio[39]. (constraint file  /home/gokul/playground/ece594bb/fpgacc/vcnn/vcnn.runs/synth_1/.Xil/Vivado-19195-dots/dcp29/vcnnbd_processing_system7_0_0_in_context.xdc, line 213).
Applied set_property IO_BUFFER_TYPE = NONE for FIXED_IO_mio[3]. (constraint file  /home/gokul/playground/ece594bb/fpgacc/vcnn/vcnn.runs/synth_1/.Xil/Vivado-19195-dots/dcp29/vcnnbd_processing_system7_0_0_in_context.xdc, line 214).
Applied set_property CLOCK_BUFFER_TYPE = NONE for FIXED_IO_mio[3]. (constraint file  /home/gokul/playground/ece594bb/fpgacc/vcnn/vcnn.runs/synth_1/.Xil/Vivado-19195-dots/dcp29/vcnnbd_processing_system7_0_0_in_context.xdc, line 215).
Applied set_property IO_BUFFER_TYPE = NONE for FIXED_IO_mio[40]. (constraint file  /home/gokul/playground/ece594bb/fpgacc/vcnn/vcnn.runs/synth_1/.Xil/Vivado-19195-dots/dcp29/vcnnbd_processing_system7_0_0_in_context.xdc, line 216).
Applied set_property CLOCK_BUFFER_TYPE = NONE for FIXED_IO_mio[40]. (constraint file  /home/gokul/playground/ece594bb/fpgacc/vcnn/vcnn.runs/synth_1/.Xil/Vivado-19195-dots/dcp29/vcnnbd_processing_system7_0_0_in_context.xdc, line 217).
Applied set_property IO_BUFFER_TYPE = NONE for FIXED_IO_mio[41]. (constraint file  /home/gokul/playground/ece594bb/fpgacc/vcnn/vcnn.runs/synth_1/.Xil/Vivado-19195-dots/dcp29/vcnnbd_processing_system7_0_0_in_context.xdc, line 218).
Applied set_property CLOCK_BUFFER_TYPE = NONE for FIXED_IO_mio[41]. (constraint file  /home/gokul/playground/ece594bb/fpgacc/vcnn/vcnn.runs/synth_1/.Xil/Vivado-19195-dots/dcp29/vcnnbd_processing_system7_0_0_in_context.xdc, line 219).
Applied set_property IO_BUFFER_TYPE = NONE for FIXED_IO_mio[42]. (constraint file  /home/gokul/playground/ece594bb/fpgacc/vcnn/vcnn.runs/synth_1/.Xil/Vivado-19195-dots/dcp29/vcnnbd_processing_system7_0_0_in_context.xdc, line 220).
Applied set_property CLOCK_BUFFER_TYPE = NONE for FIXED_IO_mio[42]. (constraint file  /home/gokul/playground/ece594bb/fpgacc/vcnn/vcnn.runs/synth_1/.Xil/Vivado-19195-dots/dcp29/vcnnbd_processing_system7_0_0_in_context.xdc, line 221).
Applied set_property IO_BUFFER_TYPE = NONE for FIXED_IO_mio[43]. (constraint file  /home/gokul/playground/ece594bb/fpgacc/vcnn/vcnn.runs/synth_1/.Xil/Vivado-19195-dots/dcp29/vcnnbd_processing_system7_0_0_in_context.xdc, line 222).
Applied set_property CLOCK_BUFFER_TYPE = NONE for FIXED_IO_mio[43]. (constraint file  /home/gokul/playground/ece594bb/fpgacc/vcnn/vcnn.runs/synth_1/.Xil/Vivado-19195-dots/dcp29/vcnnbd_processing_system7_0_0_in_context.xdc, line 223).
Applied set_property IO_BUFFER_TYPE = NONE for FIXED_IO_mio[44]. (constraint file  /home/gokul/playground/ece594bb/fpgacc/vcnn/vcnn.runs/synth_1/.Xil/Vivado-19195-dots/dcp29/vcnnbd_processing_system7_0_0_in_context.xdc, line 224).
Applied set_property CLOCK_BUFFER_TYPE = NONE for FIXED_IO_mio[44]. (constraint file  /home/gokul/playground/ece594bb/fpgacc/vcnn/vcnn.runs/synth_1/.Xil/Vivado-19195-dots/dcp29/vcnnbd_processing_system7_0_0_in_context.xdc, line 225).
Applied set_property IO_BUFFER_TYPE = NONE for FIXED_IO_mio[45]. (constraint file  /home/gokul/playground/ece594bb/fpgacc/vcnn/vcnn.runs/synth_1/.Xil/Vivado-19195-dots/dcp29/vcnnbd_processing_system7_0_0_in_context.xdc, line 226).
Applied set_property CLOCK_BUFFER_TYPE = NONE for FIXED_IO_mio[45]. (constraint file  /home/gokul/playground/ece594bb/fpgacc/vcnn/vcnn.runs/synth_1/.Xil/Vivado-19195-dots/dcp29/vcnnbd_processing_system7_0_0_in_context.xdc, line 227).
Applied set_property IO_BUFFER_TYPE = NONE for FIXED_IO_mio[46]. (constraint file  /home/gokul/playground/ece594bb/fpgacc/vcnn/vcnn.runs/synth_1/.Xil/Vivado-19195-dots/dcp29/vcnnbd_processing_system7_0_0_in_context.xdc, line 228).
Applied set_property CLOCK_BUFFER_TYPE = NONE for FIXED_IO_mio[46]. (constraint file  /home/gokul/playground/ece594bb/fpgacc/vcnn/vcnn.runs/synth_1/.Xil/Vivado-19195-dots/dcp29/vcnnbd_processing_system7_0_0_in_context.xdc, line 229).
Applied set_property IO_BUFFER_TYPE = NONE for FIXED_IO_mio[47]. (constraint file  /home/gokul/playground/ece594bb/fpgacc/vcnn/vcnn.runs/synth_1/.Xil/Vivado-19195-dots/dcp29/vcnnbd_processing_system7_0_0_in_context.xdc, line 230).
Applied set_property CLOCK_BUFFER_TYPE = NONE for FIXED_IO_mio[47]. (constraint file  /home/gokul/playground/ece594bb/fpgacc/vcnn/vcnn.runs/synth_1/.Xil/Vivado-19195-dots/dcp29/vcnnbd_processing_system7_0_0_in_context.xdc, line 231).
Applied set_property IO_BUFFER_TYPE = NONE for FIXED_IO_mio[48]. (constraint file  /home/gokul/playground/ece594bb/fpgacc/vcnn/vcnn.runs/synth_1/.Xil/Vivado-19195-dots/dcp29/vcnnbd_processing_system7_0_0_in_context.xdc, line 232).
Applied set_property CLOCK_BUFFER_TYPE = NONE for FIXED_IO_mio[48]. (constraint file  /home/gokul/playground/ece594bb/fpgacc/vcnn/vcnn.runs/synth_1/.Xil/Vivado-19195-dots/dcp29/vcnnbd_processing_system7_0_0_in_context.xdc, line 233).
Applied set_property IO_BUFFER_TYPE = NONE for FIXED_IO_mio[49]. (constraint file  /home/gokul/playground/ece594bb/fpgacc/vcnn/vcnn.runs/synth_1/.Xil/Vivado-19195-dots/dcp29/vcnnbd_processing_system7_0_0_in_context.xdc, line 234).
Applied set_property CLOCK_BUFFER_TYPE = NONE for FIXED_IO_mio[49]. (constraint file  /home/gokul/playground/ece594bb/fpgacc/vcnn/vcnn.runs/synth_1/.Xil/Vivado-19195-dots/dcp29/vcnnbd_processing_system7_0_0_in_context.xdc, line 235).
Applied set_property IO_BUFFER_TYPE = NONE for FIXED_IO_mio[4]. (constraint file  /home/gokul/playground/ece594bb/fpgacc/vcnn/vcnn.runs/synth_1/.Xil/Vivado-19195-dots/dcp29/vcnnbd_processing_system7_0_0_in_context.xdc, line 236).
Applied set_property CLOCK_BUFFER_TYPE = NONE for FIXED_IO_mio[4]. (constraint file  /home/gokul/playground/ece594bb/fpgacc/vcnn/vcnn.runs/synth_1/.Xil/Vivado-19195-dots/dcp29/vcnnbd_processing_system7_0_0_in_context.xdc, line 237).
Applied set_property IO_BUFFER_TYPE = NONE for FIXED_IO_mio[50]. (constraint file  /home/gokul/playground/ece594bb/fpgacc/vcnn/vcnn.runs/synth_1/.Xil/Vivado-19195-dots/dcp29/vcnnbd_processing_system7_0_0_in_context.xdc, line 238).
Applied set_property CLOCK_BUFFER_TYPE = NONE for FIXED_IO_mio[50]. (constraint file  /home/gokul/playground/ece594bb/fpgacc/vcnn/vcnn.runs/synth_1/.Xil/Vivado-19195-dots/dcp29/vcnnbd_processing_system7_0_0_in_context.xdc, line 239).
Applied set_property IO_BUFFER_TYPE = NONE for FIXED_IO_mio[51]. (constraint file  /home/gokul/playground/ece594bb/fpgacc/vcnn/vcnn.runs/synth_1/.Xil/Vivado-19195-dots/dcp29/vcnnbd_processing_system7_0_0_in_context.xdc, line 240).
Applied set_property CLOCK_BUFFER_TYPE = NONE for FIXED_IO_mio[51]. (constraint file  /home/gokul/playground/ece594bb/fpgacc/vcnn/vcnn.runs/synth_1/.Xil/Vivado-19195-dots/dcp29/vcnnbd_processing_system7_0_0_in_context.xdc, line 241).
Applied set_property IO_BUFFER_TYPE = NONE for FIXED_IO_mio[52]. (constraint file  /home/gokul/playground/ece594bb/fpgacc/vcnn/vcnn.runs/synth_1/.Xil/Vivado-19195-dots/dcp29/vcnnbd_processing_system7_0_0_in_context.xdc, line 242).
Applied set_property CLOCK_BUFFER_TYPE = NONE for FIXED_IO_mio[52]. (constraint file  /home/gokul/playground/ece594bb/fpgacc/vcnn/vcnn.runs/synth_1/.Xil/Vivado-19195-dots/dcp29/vcnnbd_processing_system7_0_0_in_context.xdc, line 243).
Applied set_property IO_BUFFER_TYPE = NONE for FIXED_IO_mio[53]. (constraint file  /home/gokul/playground/ece594bb/fpgacc/vcnn/vcnn.runs/synth_1/.Xil/Vivado-19195-dots/dcp29/vcnnbd_processing_system7_0_0_in_context.xdc, line 244).
Applied set_property CLOCK_BUFFER_TYPE = NONE for FIXED_IO_mio[53]. (constraint file  /home/gokul/playground/ece594bb/fpgacc/vcnn/vcnn.runs/synth_1/.Xil/Vivado-19195-dots/dcp29/vcnnbd_processing_system7_0_0_in_context.xdc, line 245).
Applied set_property IO_BUFFER_TYPE = NONE for FIXED_IO_mio[5]. (constraint file  /home/gokul/playground/ece594bb/fpgacc/vcnn/vcnn.runs/synth_1/.Xil/Vivado-19195-dots/dcp29/vcnnbd_processing_system7_0_0_in_context.xdc, line 246).
Applied set_property CLOCK_BUFFER_TYPE = NONE for FIXED_IO_mio[5]. (constraint file  /home/gokul/playground/ece594bb/fpgacc/vcnn/vcnn.runs/synth_1/.Xil/Vivado-19195-dots/dcp29/vcnnbd_processing_system7_0_0_in_context.xdc, line 247).
Applied set_property IO_BUFFER_TYPE = NONE for FIXED_IO_mio[6]. (constraint file  /home/gokul/playground/ece594bb/fpgacc/vcnn/vcnn.runs/synth_1/.Xil/Vivado-19195-dots/dcp29/vcnnbd_processing_system7_0_0_in_context.xdc, line 248).
Applied set_property CLOCK_BUFFER_TYPE = NONE for FIXED_IO_mio[6]. (constraint file  /home/gokul/playground/ece594bb/fpgacc/vcnn/vcnn.runs/synth_1/.Xil/Vivado-19195-dots/dcp29/vcnnbd_processing_system7_0_0_in_context.xdc, line 249).
Applied set_property IO_BUFFER_TYPE = NONE for FIXED_IO_mio[7]. (constraint file  /home/gokul/playground/ece594bb/fpgacc/vcnn/vcnn.runs/synth_1/.Xil/Vivado-19195-dots/dcp29/vcnnbd_processing_system7_0_0_in_context.xdc, line 250).
Applied set_property CLOCK_BUFFER_TYPE = NONE for FIXED_IO_mio[7]. (constraint file  /home/gokul/playground/ece594bb/fpgacc/vcnn/vcnn.runs/synth_1/.Xil/Vivado-19195-dots/dcp29/vcnnbd_processing_system7_0_0_in_context.xdc, line 251).
Applied set_property IO_BUFFER_TYPE = NONE for FIXED_IO_mio[8]. (constraint file  /home/gokul/playground/ece594bb/fpgacc/vcnn/vcnn.runs/synth_1/.Xil/Vivado-19195-dots/dcp29/vcnnbd_processing_system7_0_0_in_context.xdc, line 252).
Applied set_property CLOCK_BUFFER_TYPE = NONE for FIXED_IO_mio[8]. (constraint file  /home/gokul/playground/ece594bb/fpgacc/vcnn/vcnn.runs/synth_1/.Xil/Vivado-19195-dots/dcp29/vcnnbd_processing_system7_0_0_in_context.xdc, line 253).
Applied set_property IO_BUFFER_TYPE = NONE for FIXED_IO_mio[9]. (constraint file  /home/gokul/playground/ece594bb/fpgacc/vcnn/vcnn.runs/synth_1/.Xil/Vivado-19195-dots/dcp29/vcnnbd_processing_system7_0_0_in_context.xdc, line 254).
Applied set_property CLOCK_BUFFER_TYPE = NONE for FIXED_IO_mio[9]. (constraint file  /home/gokul/playground/ece594bb/fpgacc/vcnn/vcnn.runs/synth_1/.Xil/Vivado-19195-dots/dcp29/vcnnbd_processing_system7_0_0_in_context.xdc, line 255).
Applied set_property IO_BUFFER_TYPE = NONE for FIXED_IO_ps_clk. (constraint file  /home/gokul/playground/ece594bb/fpgacc/vcnn/vcnn.runs/synth_1/.Xil/Vivado-19195-dots/dcp29/vcnnbd_processing_system7_0_0_in_context.xdc, line 256).
Applied set_property CLOCK_BUFFER_TYPE = NONE for FIXED_IO_ps_clk. (constraint file  /home/gokul/playground/ece594bb/fpgacc/vcnn/vcnn.runs/synth_1/.Xil/Vivado-19195-dots/dcp29/vcnnbd_processing_system7_0_0_in_context.xdc, line 257).
Applied set_property IO_BUFFER_TYPE = NONE for FIXED_IO_ps_porb. (constraint file  /home/gokul/playground/ece594bb/fpgacc/vcnn/vcnn.runs/synth_1/.Xil/Vivado-19195-dots/dcp29/vcnnbd_processing_system7_0_0_in_context.xdc, line 258).
Applied set_property CLOCK_BUFFER_TYPE = NONE for FIXED_IO_ps_porb. (constraint file  /home/gokul/playground/ece594bb/fpgacc/vcnn/vcnn.runs/synth_1/.Xil/Vivado-19195-dots/dcp29/vcnnbd_processing_system7_0_0_in_context.xdc, line 259).
Applied set_property IO_BUFFER_TYPE = NONE for FIXED_IO_ps_srstb. (constraint file  /home/gokul/playground/ece594bb/fpgacc/vcnn/vcnn.runs/synth_1/.Xil/Vivado-19195-dots/dcp29/vcnnbd_processing_system7_0_0_in_context.xdc, line 260).
Applied set_property CLOCK_BUFFER_TYPE = NONE for FIXED_IO_ps_srstb. (constraint file  /home/gokul/playground/ece594bb/fpgacc/vcnn/vcnn.runs/synth_1/.Xil/Vivado-19195-dots/dcp29/vcnnbd_processing_system7_0_0_in_context.xdc, line 261).
Applied set_property DONT_TOUCH = true for vcnnbd_i. (constraint file  auto generated constraint, line ).
Applied set_property DONT_TOUCH = true for vcnnbd_i/axi_lite_slave_0. (constraint file  auto generated constraint, line ).
Applied set_property DONT_TOUCH = true for vcnnbd_i/axi_lite_slave_1. (constraint file  auto generated constraint, line ).
Applied set_property DONT_TOUCH = true for vcnnbd_i/axi_smc. (constraint file  auto generated constraint, line ).
Applied set_property DONT_TOUCH = true for vcnnbd_i/conv1l_top_0. (constraint file  auto generated constraint, line ).
Applied set_property DONT_TOUCH = true for vcnnbd_i/conv1l_top_1. (constraint file  auto generated constraint, line ).
Applied set_property DONT_TOUCH = true for vcnnbd_i/input_bram. (constraint file  auto generated constraint, line ).
Applied set_property DONT_TOUCH = true for vcnnbd_i/input_bram_mem. (constraint file  auto generated constraint, line ).
Applied set_property DONT_TOUCH = true for vcnnbd_i/intermediate_bram_mem. (constraint file  auto generated constraint, line ).
Applied set_property DONT_TOUCH = true for vcnnbd_i/output_bram. (constraint file  auto generated constraint, line ).
Applied set_property DONT_TOUCH = true for vcnnbd_i/output_bram_mem1. (constraint file  auto generated constraint, line ).
Applied set_property DONT_TOUCH = true for vcnnbd_i/processing_system7_0. (constraint file  auto generated constraint, line ).
Applied set_property DONT_TOUCH = true for vcnnbd_i/rst_ps7_0_100M. (constraint file  auto generated constraint, line ).
Applied set_property DONT_TOUCH = true for vcnnbd_i/weight2_bram_mem. (constraint file  auto generated constraint, line ).
Applied set_property DONT_TOUCH = true for vcnnbd_i/weight_bram_mem. (constraint file  auto generated constraint, line ).
---------------------------------------------------------------------------------
Finished applying 'set_property' XDC Constraints : Time (s): cpu = 00:00:12 ; elapsed = 00:00:13 . Memory (MB): peak = 1625.594 ; gain = 468.367 ; free physical = 988 ; free virtual = 3242
---------------------------------------------------------------------------------
---------------------------------------------------------------------------------
Finished RTL Optimization Phase 2 : Time (s): cpu = 00:00:12 ; elapsed = 00:00:13 . Memory (MB): peak = 1625.594 ; gain = 468.367 ; free physical = 988 ; free virtual = 3242
---------------------------------------------------------------------------------

Report RTL Partitions: 
+-+--------------+------------+----------+
| |RTL Partition |Replication |Instances |
+-+--------------+------------+----------+
+-+--------------+------------+----------+
---------------------------------------------------------------------------------
Start RTL Component Statistics 
---------------------------------------------------------------------------------
Detailed RTL Component Info : 
---------------------------------------------------------------------------------
Finished RTL Component Statistics 
---------------------------------------------------------------------------------
---------------------------------------------------------------------------------
Start RTL Hierarchical Component Statistics 
---------------------------------------------------------------------------------
Hierarchical RTL Component report 
---------------------------------------------------------------------------------
Finished RTL Hierarchical Component Statistics
---------------------------------------------------------------------------------
---------------------------------------------------------------------------------
Start Part Resource Summary
---------------------------------------------------------------------------------
Part Resources:
DSPs: 220 (col length:60)
BRAMs: 280 (col length: RAMB18 60 RAMB36 30)
---------------------------------------------------------------------------------
Finished Part Resource Summary
---------------------------------------------------------------------------------
---------------------------------------------------------------------------------
Start Cross Boundary and Area Optimization
---------------------------------------------------------------------------------
---------------------------------------------------------------------------------
Finished Cross Boundary and Area Optimization : Time (s): cpu = 00:00:13 ; elapsed = 00:00:13 . Memory (MB): peak = 1625.594 ; gain = 468.367 ; free physical = 975 ; free virtual = 3229
---------------------------------------------------------------------------------

Report RTL Partitions: 
+-+--------------+------------+----------+
| |RTL Partition |Replication |Instances |
+-+--------------+------------+----------+
+-+--------------+------------+----------+
---------------------------------------------------------------------------------
Start Applying XDC Timing Constraints
---------------------------------------------------------------------------------
INFO: [Synth 8-5578] Moved timing constraint from pin 'vcnnbd_i/processing_system7_0/FCLK_CLK0' to pin 'vcnnbd_i/processing_system7_0/bbstub_FCLK_CLK0/O'
INFO: [Synth 8-5578] Moved timing constraint from pin 'vcnnbd_i/input_bram/bram_clk_a' to pin 'vcnnbd_i/input_bram/bbstub_bram_clk_a/O'
INFO: [Synth 8-5578] Moved timing constraint from pin 'vcnnbd_i/output_bram/bram_clk_a' to pin 'vcnnbd_i/output_bram/bbstub_bram_clk_a/O'
INFO: [Synth 8-5819] Moved 3 constraints on hierarchical pins to their respective driving/loading pins
---------------------------------------------------------------------------------
Finished Applying XDC Timing Constraints : Time (s): cpu = 00:00:18 ; elapsed = 00:00:19 . Memory (MB): peak = 1625.594 ; gain = 468.367 ; free physical = 830 ; free virtual = 3085
---------------------------------------------------------------------------------
---------------------------------------------------------------------------------
Start Timing Optimization
---------------------------------------------------------------------------------
---------------------------------------------------------------------------------
Finished Timing Optimization : Time (s): cpu = 00:00:18 ; elapsed = 00:00:19 . Memory (MB): peak = 1625.594 ; gain = 468.367 ; free physical = 830 ; free virtual = 3085
---------------------------------------------------------------------------------

Report RTL Partitions: 
+-+--------------+------------+----------+
| |RTL Partition |Replication |Instances |
+-+--------------+------------+----------+
+-+--------------+------------+----------+
---------------------------------------------------------------------------------
Start Technology Mapping
---------------------------------------------------------------------------------
---------------------------------------------------------------------------------
Finished Technology Mapping : Time (s): cpu = 00:00:18 ; elapsed = 00:00:19 . Memory (MB): peak = 1625.594 ; gain = 468.367 ; free physical = 813 ; free virtual = 3067
---------------------------------------------------------------------------------

Report RTL Partitions: 
+-+--------------+------------+----------+
| |RTL Partition |Replication |Instances |
+-+--------------+------------+----------+
+-+--------------+------------+----------+
---------------------------------------------------------------------------------
Start IO Insertion
---------------------------------------------------------------------------------
---------------------------------------------------------------------------------
Start Flattening Before IO Insertion
---------------------------------------------------------------------------------
---------------------------------------------------------------------------------
Finished Flattening Before IO Insertion
---------------------------------------------------------------------------------
---------------------------------------------------------------------------------
Start Final Netlist Cleanup
---------------------------------------------------------------------------------
---------------------------------------------------------------------------------
Finished Final Netlist Cleanup
---------------------------------------------------------------------------------
---------------------------------------------------------------------------------
Finished IO Insertion : Time (s): cpu = 00:00:19 ; elapsed = 00:00:19 . Memory (MB): peak = 1625.594 ; gain = 468.367 ; free physical = 806 ; free virtual = 3061
---------------------------------------------------------------------------------

Report Check Netlist: 
+------+------------------+-------+---------+-------+------------------+
|      |Item              |Errors |Warnings |Status |Description       |
+------+------------------+-------+---------+-------+------------------+
|1     |multi_driven_nets |      0|        0|Passed |Multi driven nets |
+------+------------------+-------+---------+-------+------------------+
---------------------------------------------------------------------------------
Start Renaming Generated Instances
---------------------------------------------------------------------------------
---------------------------------------------------------------------------------
Finished Renaming Generated Instances : Time (s): cpu = 00:00:19 ; elapsed = 00:00:19 . Memory (MB): peak = 1625.594 ; gain = 468.367 ; free physical = 806 ; free virtual = 3061
---------------------------------------------------------------------------------

Report RTL Partitions: 
+-+--------------+------------+----------+
| |RTL Partition |Replication |Instances |
+-+--------------+------------+----------+
+-+--------------+------------+----------+
---------------------------------------------------------------------------------
Start Rebuilding User Hierarchy
---------------------------------------------------------------------------------
---------------------------------------------------------------------------------
Finished Rebuilding User Hierarchy : Time (s): cpu = 00:00:19 ; elapsed = 00:00:19 . Memory (MB): peak = 1625.594 ; gain = 468.367 ; free physical = 823 ; free virtual = 3078
---------------------------------------------------------------------------------
---------------------------------------------------------------------------------
Start Renaming Generated Ports
---------------------------------------------------------------------------------
---------------------------------------------------------------------------------
Finished Renaming Generated Ports : Time (s): cpu = 00:00:19 ; elapsed = 00:00:19 . Memory (MB): peak = 1625.594 ; gain = 468.367 ; free physical = 823 ; free virtual = 3078
---------------------------------------------------------------------------------
---------------------------------------------------------------------------------
Start Handling Custom Attributes
---------------------------------------------------------------------------------
---------------------------------------------------------------------------------
Finished Handling Custom Attributes : Time (s): cpu = 00:00:19 ; elapsed = 00:00:19 . Memory (MB): peak = 1625.594 ; gain = 468.367 ; free physical = 823 ; free virtual = 3078
---------------------------------------------------------------------------------
---------------------------------------------------------------------------------
Start Renaming Generated Nets
---------------------------------------------------------------------------------
---------------------------------------------------------------------------------
Finished Renaming Generated Nets : Time (s): cpu = 00:00:19 ; elapsed = 00:00:19 . Memory (MB): peak = 1625.594 ; gain = 468.367 ; free physical = 823 ; free virtual = 3078
---------------------------------------------------------------------------------
---------------------------------------------------------------------------------
Start Writing Synthesis Report
---------------------------------------------------------------------------------

Report BlackBoxes: 
+------+------------------------------+----------+
|      |BlackBox name                 |Instances |
+------+------------------------------+----------+
|1     |vcnnbd_axi_lite_slave_0_2     |         1|
|2     |vcnnbd_axi_lite_slave_0_0     |         1|
|3     |vcnnbd_axi_smc_0              |         1|
|4     |vcnnbd_conv1l_top_0_0         |         1|
|5     |vcnnbd_conv1l_top_0_1         |         1|
|6     |vcnnbd_axi_bram_ctrl_0_0      |         1|
|7     |vcnnbd_blk_mem_gen_0_0        |         1|
|8     |vcnnbd_blk_mem_gen_1_0        |         1|
|9     |vcnnbd_weight_bram_0          |         1|
|10    |vcnnbd_output_bram_mem_1      |         1|
|11    |vcnnbd_processing_system7_0_0 |         1|
|12    |vcnnbd_rst_ps7_0_100M_0       |         1|
|13    |vcnnbd_output_bram_mem_0      |         1|
|14    |vcnnbd_blk_mem_gen_0_1        |         1|
+------+------------------------------+----------+

Report Cell Usage: 
+------+------------------------------+------+
|      |Cell                          |Count |
+------+------------------------------+------+
|1     |vcnnbd_axi_bram_ctrl_0_0      |     1|
|2     |vcnnbd_axi_lite_slave_0_0     |     1|
|3     |vcnnbd_axi_lite_slave_0_2     |     1|
|4     |vcnnbd_axi_smc_0              |     1|
|5     |vcnnbd_blk_mem_gen_0_0        |     1|
|6     |vcnnbd_blk_mem_gen_0_1        |     1|
|7     |vcnnbd_blk_mem_gen_1_0        |     1|
|8     |vcnnbd_conv1l_top_0_0         |     1|
|9     |vcnnbd_conv1l_top_0_1         |     1|
|10    |vcnnbd_output_bram_mem_0      |     1|
|11    |vcnnbd_output_bram_mem_1      |     1|
|12    |vcnnbd_processing_system7_0_0 |     1|
|13    |vcnnbd_rst_ps7_0_100M_0       |     1|
|14    |vcnnbd_weight_bram_0          |     1|
+------+------------------------------+------+

Report Instance Areas: 
+------+-----------+-------+------+
|      |Instance   |Module |Cells |
+------+-----------+-------+------+
|1     |top        |       |  1229|
|2     |  vcnnbd_i |vcnnbd |  1229|
+------+-----------+-------+------+
---------------------------------------------------------------------------------
Finished Writing Synthesis Report : Time (s): cpu = 00:00:19 ; elapsed = 00:00:19 . Memory (MB): peak = 1625.594 ; gain = 468.367 ; free physical = 823 ; free virtual = 3078
---------------------------------------------------------------------------------
Synthesis finished with 0 errors, 0 critical warnings and 0 warnings.
Synthesis Optimization Runtime : Time (s): cpu = 00:00:14 ; elapsed = 00:00:14 . Memory (MB): peak = 1625.594 ; gain = 111.500 ; free physical = 897 ; free virtual = 3152
Synthesis Optimization Complete : Time (s): cpu = 00:00:19 ; elapsed = 00:00:19 . Memory (MB): peak = 1625.594 ; gain = 468.367 ; free physical = 898 ; free virtual = 3152
INFO: [Project 1-571] Translating synthesized netlist
INFO: [Project 1-570] Preparing netlist for logic optimization
INFO: [Opt 31-138] Pushed 0 inverter(s) to 0 load pin(s).
INFO: [Project 1-111] Unisim Transformation Summary:
No Unisim elements were transformed.

48 Infos, 23 Warnings, 0 Critical Warnings and 0 Errors encountered.
synth_design completed successfully
synth_design: Time (s): cpu = 00:00:20 ; elapsed = 00:00:21 . Memory (MB): peak = 1628.594 ; gain = 492.949 ; free physical = 850 ; free virtual = 3105
INFO: [Common 17-1381] The checkpoint '/home/gokul/playground/ece594bb/fpgacc/vcnn/vcnn.runs/synth_1/vcnnbd_wrapper.dcp' has been generated.
report_utilization: Time (s): cpu = 00:00:00.07 ; elapsed = 00:00:00.10 . Memory (MB): peak = 1628.594 ; gain = 0.000 ; free physical = 836 ; free virtual = 3091
INFO: [Common 17-206] Exiting Vivado at Mon Mar 26 15:23:13 2018...
