Copyright 1986-2017 Xilinx, Inc. All Rights Reserved.
------------------------------------------------------------------------------------
| Tool Version : Vivado v.2017.2 (lin64) Build 1909853 Thu Jun 15 18:39:10 MDT 2017
| Date         : Mon Mar 26 12:14:20 2018
| Host         : dots running 64-bit Ubuntu 16.04.4 LTS
| Command      : upgrade_ip
| Device       : xc7z020clg400-1
------------------------------------------------------------------------------------

Upgrade Log for IP 'vcnnbd_conv1l_top_0_1'

1. Summary
----------

SUCCESS in the conversion of vcnnbd_conv1l_top_0_1 (user.org:user:conv1l_top:1.0 (Rev. 2)) to Vivado generation flows.






Copyright 1986-2017 Xilinx, Inc. All Rights Reserved.
------------------------------------------------------------------------------------
| Tool Version : Vivado v.2017.2 (lin64) Build 1909853 Thu Jun 15 18:39:10 MDT 2017
| Date         : Mon Mar 26 12:14:20 2018
| Host         : dots running 64-bit Ubuntu 16.04.4 LTS
| Command      : upgrade_ip
| Device       : xc7z020clg400-1
------------------------------------------------------------------------------------

Upgrade Log for IP 'vcnnbd_conv1l_top_0_0'

1. Summary
----------

SUCCESS in the conversion of vcnnbd_conv1l_top_0_0 (user.org:user:conv1l_top:1.0 (Rev. 2)) to Vivado generation flows.






Copyright 1986-2017 Xilinx, Inc. All Rights Reserved.
------------------------------------------------------------------------------------
| Tool Version : Vivado v.2017.2 (lin64) Build 1909853 Thu Jun 15 18:39:10 MDT 2017
| Date         : Mon Mar 26 02:22:46 2018
| Host         : dots running 64-bit Ubuntu 16.04.4 LTS
| Command      : upgrade_ip
| Device       : xc7z020clg400-1
------------------------------------------------------------------------------------

Upgrade Log for IP 'vcnnbd_conv1l_top_0_1'

1. Summary
----------

SUCCESS in the conversion of vcnnbd_conv1l_top_0_1 (user.org:user:conv1l_top:1.0 (Rev. 2)) to Vivado generation flows.






Copyright 1986-2017 Xilinx, Inc. All Rights Reserved.
------------------------------------------------------------------------------------
| Tool Version : Vivado v.2017.2 (lin64) Build 1909853 Thu Jun 15 18:39:10 MDT 2017
| Date         : Mon Mar 26 02:22:46 2018
| Host         : dots running 64-bit Ubuntu 16.04.4 LTS
| Command      : upgrade_ip
| Device       : xc7z020clg400-1
------------------------------------------------------------------------------------

Upgrade Log for IP 'vcnnbd_conv1l_top_0_0'

1. Summary
----------

SUCCESS in the conversion of vcnnbd_conv1l_top_0_0 (user.org:user:conv1l_top:1.0 (Rev. 2)) to Vivado generation flows.






Copyright 1986-2017 Xilinx, Inc. All Rights Reserved.
------------------------------------------------------------------------------------
| Tool Version : Vivado v.2017.2 (lin64) Build 1909853 Thu Jun 15 18:39:10 MDT 2017
| Date         : Mon Mar 26 01:20:56 2018
| Host         : dots running 64-bit Ubuntu 16.04.4 LTS
| Command      : upgrade_ip
| Device       : xc7z020clg400-1
------------------------------------------------------------------------------------

Upgrade Log for IP 'vcnnbd_conv1l_top_0_1'

1. Summary
----------

SUCCESS in the conversion of vcnnbd_conv1l_top_0_1 (user.org:user:conv1l_top:1.0 (Rev. 2)) to Vivado generation flows.






Copyright 1986-2017 Xilinx, Inc. All Rights Reserved.
------------------------------------------------------------------------------------
| Tool Version : Vivado v.2017.2 (lin64) Build 1909853 Thu Jun 15 18:39:10 MDT 2017
| Date         : Mon Mar 26 01:20:56 2018
| Host         : dots running 64-bit Ubuntu 16.04.4 LTS
| Command      : upgrade_ip
| Device       : xc7z020clg400-1
------------------------------------------------------------------------------------

Upgrade Log for IP 'vcnnbd_conv1l_top_0_0'

1. Summary
----------

SUCCESS in the conversion of vcnnbd_conv1l_top_0_0 (user.org:user:conv1l_top:1.0 (Rev. 2)) to Vivado generation flows.






Copyright 1986-2017 Xilinx, Inc. All Rights Reserved.
------------------------------------------------------------------------------------
| Tool Version : Vivado v.2017.2 (lin64) Build 1909853 Thu Jun 15 18:39:10 MDT 2017
| Date         : Sun Mar 25 20:51:26 2018
| Host         : dots running 64-bit Ubuntu 16.04.4 LTS
| Command      : upgrade_ip
| Device       : xc7z020clg400-1
------------------------------------------------------------------------------------

Upgrade Log for IP 'vcnnbd_conv1l_top_0_1'

1. Summary
----------

SUCCESS in the conversion of vcnnbd_conv1l_top_0_1 (user.org:user:conv1l_top:1.0 (Rev. 2)) to Vivado generation flows.






Copyright 1986-2017 Xilinx, Inc. All Rights Reserved.
------------------------------------------------------------------------------------
| Tool Version : Vivado v.2017.2 (lin64) Build 1909853 Thu Jun 15 18:39:10 MDT 2017
| Date         : Sun Mar 25 20:51:26 2018
| Host         : dots running 64-bit Ubuntu 16.04.4 LTS
| Command      : upgrade_ip
| Device       : xc7z020clg400-1
------------------------------------------------------------------------------------

Upgrade Log for IP 'vcnnbd_conv1l_top_0_0'

1. Summary
----------

SUCCESS in the conversion of vcnnbd_conv1l_top_0_0 (user.org:user:conv1l_top:1.0 (Rev. 2)) to Vivado generation flows.






Copyright 1986-2017 Xilinx, Inc. All Rights Reserved.
------------------------------------------------------------------------------------
| Tool Version : Vivado v.2017.2 (lin64) Build 1909853 Thu Jun 15 18:39:10 MDT 2017
| Date         : Sun Mar 25 17:57:56 2018
| Host         : dots running 64-bit Ubuntu 16.04.4 LTS
| Command      : upgrade_ip
| Device       : xc7z020clg400-1
------------------------------------------------------------------------------------

Upgrade Log for IP 'vcnnbd_conv1l_top_0_1'

1. Summary
----------

SUCCESS in the upgrade of vcnnbd_conv1l_top_0_1 (user.org:user:conv1l_top:1.0) from (Rev. 4) to (Rev. 2)






Copyright 1986-2017 Xilinx, Inc. All Rights Reserved.
------------------------------------------------------------------------------------
| Tool Version : Vivado v.2017.2 (lin64) Build 1909853 Thu Jun 15 18:39:10 MDT 2017
| Date         : Sun Mar 25 17:57:56 2018
| Host         : dots running 64-bit Ubuntu 16.04.4 LTS
| Command      : upgrade_ip
| Device       : xc7z020clg400-1
------------------------------------------------------------------------------------

Upgrade Log for IP 'vcnnbd_conv1l_top_0_0'

1. Summary
----------

SUCCESS in the upgrade of vcnnbd_conv1l_top_0_0 (user.org:user:conv1l_top:1.0) from (Rev. 4) to (Rev. 2)






Copyright 1986-2017 Xilinx, Inc. All Rights Reserved.
------------------------------------------------------------------------------------
| Tool Version : Vivado v.2017.2 (lin64) Build 1909853 Thu Jun 15 18:39:10 MDT 2017
| Date         : Sun Mar 25 10:51:05 2018
| Host         : dots running 64-bit Ubuntu 16.04.4 LTS
| Command      : upgrade_ip
| Device       : xc7z020clg400-1
------------------------------------------------------------------------------------

Upgrade Log for IP 'vcnnbd_conv1l_top_0_1'

1. Summary
----------

SUCCESS in the upgrade of vcnnbd_conv1l_top_0_1 (user.org:user:conv1l_top:1.0) from (Rev. 3) to (Rev. 4)






Copyright 1986-2017 Xilinx, Inc. All Rights Reserved.
------------------------------------------------------------------------------------
| Tool Version : Vivado v.2017.2 (lin64) Build 1909853 Thu Jun 15 18:39:10 MDT 2017
| Date         : Sun Mar 25 10:51:05 2018
| Host         : dots running 64-bit Ubuntu 16.04.4 LTS
| Command      : upgrade_ip
| Device       : xc7z020clg400-1
------------------------------------------------------------------------------------

Upgrade Log for IP 'vcnnbd_conv1l_top_0_0'

1. Summary
----------

SUCCESS in the upgrade of vcnnbd_conv1l_top_0_0 (user.org:user:conv1l_top:1.0) from (Rev. 3) to (Rev. 4)






Copyright 1986-2017 Xilinx, Inc. All Rights Reserved.
------------------------------------------------------------------------------------
| Tool Version : Vivado v.2017.2 (lin64) Build 1909853 Thu Jun 15 18:39:10 MDT 2017
| Date         : Sun Mar 25 00:42:31 2018
| Host         : dots running 64-bit Ubuntu 16.04.4 LTS
| Command      : upgrade_ip
| Device       : xc7z020clg400-1
------------------------------------------------------------------------------------

Upgrade Log for IP 'vcnnbd_conv1l_top_0_1'

1. Summary
----------

SUCCESS in the upgrade of vcnnbd_conv1l_top_0_1 (user.org:user:conv1l_top:1.0) from (Rev. 2) to (Rev. 3)






Copyright 1986-2017 Xilinx, Inc. All Rights Reserved.
------------------------------------------------------------------------------------
| Tool Version : Vivado v.2017.2 (lin64) Build 1909853 Thu Jun 15 18:39:10 MDT 2017
| Date         : Sun Mar 25 00:42:31 2018
| Host         : dots running 64-bit Ubuntu 16.04.4 LTS
| Command      : upgrade_ip
| Device       : xc7z020clg400-1
------------------------------------------------------------------------------------

Upgrade Log for IP 'vcnnbd_conv1l_top_0_0'

1. Summary
----------

SUCCESS in the upgrade of vcnnbd_conv1l_top_0_0 (user.org:user:conv1l_top:1.0) from (Rev. 2) to (Rev. 3)






Copyright 1986-2017 Xilinx, Inc. All Rights Reserved.
------------------------------------------------------------------------------------
| Tool Version : Vivado v.2017.2 (lin64) Build 1909853 Thu Jun 15 18:39:10 MDT 2017
| Date         : Thu Mar 15 01:17:27 2018
| Host         : dots running 64-bit Ubuntu 16.04.4 LTS
| Command      : upgrade_ip
| Device       : xc7z020clg400-1
------------------------------------------------------------------------------------

Upgrade Log for IP 'vcnnbd_conv1l_top_0_0'

1. Summary
----------

SUCCESS in the upgrade of vcnnbd_conv1l_top_0_0 (user.org:user:conv1l_top:1.0) from (Rev. 3) to (Rev. 2)






Copyright 1986-2017 Xilinx, Inc. All Rights Reserved.
------------------------------------------------------------------------------------
| Tool Version : Vivado v.2017.2 (lin64) Build 1909853 Thu Jun 15 18:39:10 MDT 2017
| Date         : Wed Mar 14 21:26:50 2018
| Host         : dots running 64-bit Ubuntu 16.04.4 LTS
| Command      : upgrade_ip
| Device       : xc7z020clg400-1
------------------------------------------------------------------------------------

Upgrade Log for IP 'vcnnbd_conv1l_top_0_0'

1. Summary
----------

CAUTION (success, with warnings) in the conversion of vcnnbd_conv1l_top_0_0 (user.org:user:conv1l_top:1.0 (Rev. 3)) to Vivado generation flows.

After upgrade, an IP may have parameter and port differences compared to the original customization. Please review the parameters within the IP customization GUI to ensure proper functionality. Also, please review the updated IP instantiation template to ensure proper connectivity, and update your design if required.

2. Connection Warnings
----------------------

Detected external port differences while upgrading 'vcnnbd_conv1l_top_0_0'. These changes may impact your design.


-Upgraded port 'input_bram_rd_wen' width 1 differs from original width 2

-Upgraded port 'output_bram_wr_wen' width 1 differs from original width 2

-Upgraded port 'weight_bram_rd_wen' width 1 differs from original width 2







Copyright 1986-2017 Xilinx, Inc. All Rights Reserved.
------------------------------------------------------------------------------------
| Tool Version : Vivado v.2017.2 (lin64) Build 1909853 Thu Jun 15 18:39:10 MDT 2017
| Date         : Wed Mar 14 19:17:36 2018
| Host         : dots running 64-bit Ubuntu 16.04.4 LTS
| Command      : upgrade_ip
| Device       : xc7z020clg400-1
------------------------------------------------------------------------------------

Upgrade Log for IP 'vcnnbd_conv1l_top_0_0'

1. Summary
----------

SUCCESS in the upgrade of vcnnbd_conv1l_top_0_0 (user.org:user:conv1l_top:1.0) from (Rev. 2) to (Rev. 3)






Copyright 1986-2017 Xilinx, Inc. All Rights Reserved.
------------------------------------------------------------------------------------
| Tool Version : Vivado v.2017.2 (lin64) Build 1909853 Thu Jun 15 18:39:10 MDT 2017
| Date         : Fri Mar  9 23:32:40 2018
| Host         : dots running 64-bit Ubuntu 16.04.4 LTS
| Command      : upgrade_ip
| Device       : xc7z020clg400-1
------------------------------------------------------------------------------------

Upgrade Log for IP 'vcnnbd_conv1l_top_0_0'

1. Summary
----------

SUCCESS in the upgrade of vcnnbd_conv1l_top_0_0 (user.org:user:conv1l_top:1.0) from (Rev. 3) to (Rev. 2)






Copyright 1986-2017 Xilinx, Inc. All Rights Reserved.
------------------------------------------------------------------------------------
| Tool Version : Vivado v.2017.2 (lin64) Build 1909853 Thu Jun 15 18:39:10 MDT 2017
| Date         : Fri Mar  9 20:31:08 2018
| Host         : dots running 64-bit Ubuntu 16.04.4 LTS
| Command      : upgrade_ip
| Device       : xc7z020clg400-1
------------------------------------------------------------------------------------

Upgrade Log for IP 'vcnnbd_conv1l_top_0_0'

1. Summary
----------

SUCCESS in the upgrade of vcnnbd_conv1l_top_0_0 (user.org:user:conv1l_top:1.0) from (Rev. 4) to (Rev. 3)






Copyright 1986-2017 Xilinx, Inc. All Rights Reserved.
------------------------------------------------------------------------------------
| Tool Version : Vivado v.2017.2 (lin64) Build 1909853 Thu Jun 15 18:39:10 MDT 2017
| Date         : Fri Mar  9 01:01:54 2018
| Host         : dots running 64-bit Ubuntu 16.04.4 LTS
| Command      : upgrade_ip
| Device       : xc7z020clg400-1
------------------------------------------------------------------------------------

Upgrade Log for IP 'vcnnbd_axilite_slave_0_1'

1. Summary
----------

CAUTION (success, with warnings) in the upgrade of vcnnbd_axilite_slave_0_1 (user.org:user:axilite_slave:1.0) from (Rev. 4) to (Rev. 1)

2. Interface Information
------------------------

Detected external interface differences while upgrading 'vcnnbd_axilite_slave_0_1'.


-Upgrade has removed interface 'interface_aximm'

-Upgrade has added interface 's_axi_CTRL' (xilinx.com:interface:aximm:1.0)







Copyright 1986-2017 Xilinx, Inc. All Rights Reserved.
------------------------------------------------------------------------------------
| Tool Version : Vivado v.2017.2 (lin64) Build 1909853 Thu Jun 15 18:39:10 MDT 2017
| Date         : Thu Mar  8 23:09:39 2018
| Host         : dots running 64-bit Ubuntu 16.04.4 LTS
| Command      : upgrade_ip
| Device       : xc7z020clg400-1
------------------------------------------------------------------------------------

Upgrade Log for IP 'vcnnbd_axilite_slave_0_1'

1. Summary
----------

CAUTION (success, with warnings) in the upgrade of vcnnbd_axilite_slave_0_1 (user.org:user:axilite_slave:1.0) from (Rev. 7) to (Rev. 4)

After upgrade, an IP may have parameter and port differences compared to the original customization. Please review the parameters within the IP customization GUI to ensure proper functionality. Also, please review the updated IP instantiation template to ensure proper connectivity, and update your design if required.

2. Connection Warnings
----------------------

Detected external port differences while upgrading 'vcnnbd_axilite_slave_0_1'. These changes may impact your design.


-Upgrade has removed port 'ap_done'

-Upgrade has removed port 'ap_idle'

-Upgrade has removed port 'ap_ready'

-Upgrade has removed port 'ap_return'







Copyright 1986-2017 Xilinx, Inc. All Rights Reserved.
------------------------------------------------------------------------------------
| Tool Version : Vivado v.2017.2 (lin64) Build 1909853 Thu Jun 15 18:39:10 MDT 2017
| Date         : Thu Mar  8 22:47:54 2018
| Host         : dots running 64-bit Ubuntu 16.04.4 LTS
| Command      : upgrade_ip
| Device       : xc7z020clg400-1
------------------------------------------------------------------------------------

Upgrade Log for IP 'vcnnbd_axilite_slave_0_0'

1. Summary
----------

SUCCESS in the upgrade of vcnnbd_axilite_slave_0_0 (user.org:user:axilite_slave:1.0) from (Rev. 6) to (Rev. 7)

